#
# A fatal error has been detected by the Java Runtime Environment:
#
#  EXCEPTION_ACCESS_VIOLATION (0xc0000005) at pc=0x0000000180003990, pid=26408, tid=8216
#
# JRE version: OpenJDK Runtime Environment Temurin-17.0.1+12 (17.0.1+12) (build 17.0.1+12)
# Java VM: OpenJDK 64-Bit Server VM Temurin-17.0.1+12 (17.0.1+12, mixed mode, tiered, compressed oops, compressed class ptrs, g1 gc, windows-amd64)
# Problematic frame:
# C  [rxtxSerial.dll+0x3990]
#
# No core dump will be written. Minidumps are not enabled by default on client versions of Windows
#
# If you would like to submit a bug report, please visit:
#   https://github.com/adoptium/adoptium-support/issues
# The crash happened outside the Java Virtual Machine in native code.
# See problematic frame for where to report the bug.
#

---------------  S U M M A R Y ------------

Command Line: -Djava.library.path=C:\DATA\work\JavaSerial\lib -Dfile.encoding=MS949 -XX:+ShowCodeDetailsInExceptionMessages Java.Serial

Host: Intel(R) Core(TM) i7-3770 CPU @ 3.40GHz, 8 cores, 7G,  Windows 10 , 64 bit Build 19041 (10.0.19041.1645)
Time: Thu Apr 21 16:45:23 2022  Windows 10 , 64 bit Build 19041 (10.0.19041.1645) elapsed time: 0.199004 seconds (0d 0h 0m 0s)

---------------  T H R E A D  ---------------

Current thread (0x0000022ee62216c0):  JavaThread "Thread-1" [_thread_in_native, id=8216, stack(0x0000003a4ed00000,0x0000003a4ee00000)]

Stack: [0x0000003a4ed00000,0x0000003a4ee00000],  sp=0x0000003a4edfec40,  free space=1019k
Native frames: (J=compiled Java code, j=interpreted, Vv=VM code, C=native code)
C  [rxtxSerial.dll+0x3990]

Java frames: (J=compiled Java code, j=interpreted, Vv=VM code)
j  gnu.io.RXTXPort.readArray([BII)I+0
j  gnu.io.RXTXPort$SerialInputStream.read([BII)I+212
j  gnu.io.RXTXPort$SerialInputStream.read([B)I+60
j  Java.Serial$SerialReader.run()V+32
j  java.lang.Thread.run()V+11 java.base@17.0.1
v  ~StubRoutines::call_stub

siginfo: EXCEPTION_ACCESS_VIOLATION (0xc0000005), reading address 0x000000004ecfec28


Register to memory mapping:

RIP=0x0000000180003990 rxtxSerial.dll
RAX=0x000000004ecfec20 is an unknown value
RBX=0x0 is NULL
RCX=0x000000018001d4d5 rxtxSerial.dll
RDX=0xfffffffffffff665 is an unknown value
RSP=0x0000003a4edfec40 is pointing into the stack for thread: 0x0000022ee62216c0
RBP=0x00000000ffffffff is an unallocated location in the heap
RSI=0x0000000000000001 is an unknown value
RDI=0x0 is NULL
R8 =0x0000000000000002 is an unknown value
R9 =0xfffffffffffff63c is an unknown value
R10=0x00007ff896ff30a0 jvm.dll
R11=0x8101010101010100 is an unknown value
R12=0x000000004ecfec20 is an unknown value
R13=0x0000000000000001 is an unknown value
R14=0x0000000000000001 is an unknown value
R15=0x0 is NULL


Registers:
RAX=0x000000004ecfec20, RBX=0x0000000000000000, RCX=0x000000018001d4d5, RDX=0xfffffffffffff665
RSP=0x0000003a4edfec40, RBP=0x00000000ffffffff, RSI=0x0000000000000001, RDI=0x0000000000000000
R8 =0x0000000000000002, R9 =0xfffffffffffff63c, R10=0x00007ff896ff30a0, R11=0x8101010101010100
R12=0x000000004ecfec20, R13=0x0000000000000001, R14=0x0000000000000001, R15=0x0000000000000000
RIP=0x0000000180003990, EFLAGS=0x0000000000010206

Top of Stack: (sp=0x0000003a4edfec40)
0x0000003a4edfec40:   0000000000000000 0000003a4edfee18
0x0000003a4edfec50:   0000000000000001 0000000000000000
0x0000003a4edfec60:   0000022ee62216c0 00000000ffffffff
0x0000003a4edfec70:   0000000000000001 0000000000000000
0x0000003a4edfec80:   0000022ee6221968 0000000000000001
0x0000003a4edfec90:   0000003a4edfee18 000000018000535a
0x0000003a4edfeca0:   0000022ee6221b90 0000000000000000
0x0000003a4edfecb0:   0000000000000001 0000022ee6221b90
0x0000003a4edfecc0:   0000000000000001 0000022effffffff
0x0000003a4edfecd0:   0000003a4edfee20 0000022ee5c0b108
0x0000003a4edfece0:   0000003a4edfede8 00007ff8967f1932
0x0000003a4edfecf0:   00000000000155b4 0000003a4edff520
0x0000003a4edfed00:   0000022ee62216c0 0000022ee6221968
0x0000003a4edfed10:   0000022ee5c0b110 000054cf1c7cb805
0x0000003a4edfed20:   0000003a4edfee20 0000022ee5c0b108
0x0000003a4edfed30:   0000000000000000 0000022eceaa9600 

Instructions: (pc=0x0000000180003990)
0x0000000180003890:   48 8d 15 0d 9c 01 00 48 2b d3 66 0f 1f 44 00 00
0x00000001800038a0:   0f b6 0b 0f b6 04 13 2b c8 75 07 48 ff c3 85 c0
0x00000001800038b0:   75 ee 48 8b 07 85 c9 48 8b d6 48 8b cf 75 0b ff
0x00000001800038c0:   90 28 03 00 00 48 8b d8 eb 08 ff 90 20 03 00 00
0x00000001800038d0:   8b d8 48 8b 07 48 8b d5 48 8b cf ff 90 b8 00 00
0x00000001800038e0:   00 48 8d 0d ec 9b 01 00 41 b8 02 00 00 00 49 8b
0x00000001800038f0:   d4 e8 2a 6f 00 00 85 c0 75 19 85 db 75 15 e8 71
0x0000000180003900:   6b 00 00 48 8d 15 ce 9b 01 00 48 8d 48 60 e8 e9
0x0000000180003910:   69 00 00 8b c3 48 8b 5c 24 30 48 8b 6c 24 38 48
0x0000000180003920:   8b 74 24 40 48 8b 7c 24 48 48 83 c4 20 41 5c c3
0x0000000180003930:   cc cc cc cc cc cc cc cc cc cc cc cc cc cc cc cc
0x0000000180003940:   48 89 5c 24 08 4c 89 4c 24 20 44 89 44 24 18 55
0x0000000180003950:   56 57 41 54 41 55 41 56 41 57 48 83 ec 20 48 8b
0x0000000180003960:   12 33 db 4c 8d 0d 82 91 01 00 4c 8d 05 9f 91 01
0x0000000180003970:   00 44 8b fb 8b fb e8 95 fe ff ff 8b ac 24 88 00
0x0000000180003980:   00 00 44 8b b4 24 80 00 00 00 4c 63 e0 41 8b f6
0x0000000180003990:   45 8b 6c 24 08 41 89 5c 24 08 85 ed 78 09 ff 15
0x00000001800039a0:   5c 36 01 00 44 8b f8 45 85 f6 7e 4d 0f 1f 40 00
0x00000001800039b0:   8b c7 ff c7 83 f8 14 7d 40 85 ed 78 0d ff 15 3d
0x00000001800039c0:   36 01 00 41 2b c7 3b c5 7d 2f 8b 4c 24 70 48 63
0x00000001800039d0:   d3 44 8b c6 48 03 54 24 78 e8 22 3d 00 00 85 c0
0x00000001800039e0:   78 33 74 06 03 d8 2b f0 eb 0a b9 e8 03 00 00 e8
0x00000001800039f0:   1c 27 00 00 41 3b de 7c b7 8b c3 45 89 6c 24 08
0x0000000180003a00:   48 8b 5c 24 60 48 83 c4 20 41 5f 41 5e 41 5d 41
0x0000000180003a10:   5c 5f 5e 5d c3 e8 62 6d 00 00 83 38 04 74 05 e8
0x0000000180003a20:   58 6d 00 00 83 c8 ff eb d2 cc cc cc cc cc cc cc
0x0000000180003a30:   40 53 48 83 ec 50 83 79 0c 00 48 8b d9 75 08 33
0x0000000180003a40:   c0 48 83 c4 50 5b c3 8b 09 48 8d 54 24 20 e8 91
0x0000000180003a50:   5c 00 00 85 c0 74 0b b8 01 00 00 00 48 83 c4 50
0x0000000180003a60:   5b c3 8b 0b 4c 8d 43 38 ba 59 54 00 00 48 89 7c
0x0000000180003a70:   24 60 e8 49 4e 00 00 85 c0 74 10 b8 01 00 00 00
0x0000000180003a80:   48 8b 7c 24 60 48 83 c4 50 5b c3 83 7b 38 00 74 


Stack slot to memory mapping:
stack at sp + 0 slots: 0x0 is NULL
stack at sp + 1 slots: 0x0000003a4edfee18 is pointing into the stack for thread: 0x0000022ee62216c0
stack at sp + 2 slots: 0x0000000000000001 is an unknown value
stack at sp + 3 slots: 0x0 is NULL
stack at sp + 4 slots: 0x0000022ee62216c0 is a thread
stack at sp + 5 slots: 0x00000000ffffffff is an unallocated location in the heap
stack at sp + 6 slots: 0x0000000000000001 is an unknown value
stack at sp + 7 slots: 0x0 is NULL


---------------  P R O C E S S  ---------------

Threads class SMR info:
_java_thread_list=0x0000022ee61d1410, length=15, elements={
0x0000022ee53a73f0, 0x0000022ee53a82e0, 0x0000022ee5409430, 0x0000022ee53edf40,
0x0000022ee53ef810, 0x0000022ee53f35d0, 0x0000022ee60326d0, 0x0000022ee6043790,
0x0000022ee604e090, 0x0000022ee6196680, 0x0000022ee61b8b70, 0x0000022ee61f1c60,
0x0000022ee62216c0, 0x0000022ee61f0c20, 0x0000022ecb3ec8c0
}

Java Threads: ( => current thread )
  0x0000022ee53a73f0 JavaThread "Reference Handler" daemon [_thread_blocked, id=3364, stack(0x0000003a4e000000,0x0000003a4e100000)]
  0x0000022ee53a82e0 JavaThread "Finalizer" daemon [_thread_blocked, id=7284, stack(0x0000003a4e100000,0x0000003a4e200000)]
  0x0000022ee5409430 JavaThread "Signal Dispatcher" daemon [_thread_blocked, id=23188, stack(0x0000003a4e200000,0x0000003a4e300000)]
  0x0000022ee53edf40 JavaThread "Attach Listener" daemon [_thread_blocked, id=3324, stack(0x0000003a4e300000,0x0000003a4e400000)]
  0x0000022ee53ef810 JavaThread "Service Thread" daemon [_thread_blocked, id=10196, stack(0x0000003a4e400000,0x0000003a4e500000)]
  0x0000022ee53f35d0 JavaThread "Monitor Deflation Thread" daemon [_thread_blocked, id=9016, stack(0x0000003a4e500000,0x0000003a4e600000)]
  0x0000022ee60326d0 JavaThread "C2 CompilerThread0" daemon [_thread_blocked, id=13776, stack(0x0000003a4e600000,0x0000003a4e700000)]
  0x0000022ee6043790 JavaThread "C1 CompilerThread0" daemon [_thread_blocked, id=8424, stack(0x0000003a4e700000,0x0000003a4e800000)]
  0x0000022ee604e090 JavaThread "Sweeper thread" daemon [_thread_blocked, id=10568, stack(0x0000003a4e800000,0x0000003a4e900000)]
  0x0000022ee6196680 JavaThread "Notification Thread" daemon [_thread_blocked, id=17572, stack(0x0000003a4e900000,0x0000003a4ea00000)]
  0x0000022ee61b8b70 JavaThread "Common-Cleaner" daemon [_thread_blocked, id=21416, stack(0x0000003a4eb00000,0x0000003a4ec00000)]
  0x0000022ee61f1c60 JavaThread "Thread-0" [_thread_in_native, id=23784, stack(0x0000003a4ec00000,0x0000003a4ed00000)]
=>0x0000022ee62216c0 JavaThread "Thread-1" [_thread_in_native, id=8216, stack(0x0000003a4ed00000,0x0000003a4ee00000)]
  0x0000022ee61f0c20 JavaThread "Thread-2" [_thread_in_native, id=24944, stack(0x0000003a4ee00000,0x0000003a4ef00000)]
  0x0000022ecb3ec8c0 JavaThread "DestroyJavaVM" [_thread_blocked, id=10096, stack(0x0000003a4d900000,0x0000003a4da00000)]

Other Threads:
  0x0000022ee53a14c0 VMThread "VM Thread" [stack: 0x0000003a4df00000,0x0000003a4e000000] [id=2224]
  0x0000022ee60d4af0 WatcherThread [stack: 0x0000003a4ea00000,0x0000003a4eb00000] [id=16168]
  0x0000022ecb429f70 GCTaskThread "GC Thread#0" [stack: 0x0000003a4da00000,0x0000003a4db00000] [id=19144]
  0x0000022ecb43b550 ConcurrentGCThread "G1 Main Marker" [stack: 0x0000003a4db00000,0x0000003a4dc00000] [id=16852]
  0x0000022ecb43cf70 ConcurrentGCThread "G1 Conc#0" [stack: 0x0000003a4dc00000,0x0000003a4dd00000] [id=4724]
  0x0000022ecb4cb530 ConcurrentGCThread "G1 Refine#0" [stack: 0x0000003a4dd00000,0x0000003a4de00000] [id=21540]
  0x0000022ecb4cde60 ConcurrentGCThread "G1 Service" [stack: 0x0000003a4de00000,0x0000003a4df00000] [id=27108]

Threads with active compile tasks:

VM state: not at safepoint (normal execution)

VM Mutex/Monitor currently owned by a thread: None

Heap address: 0x0000000080800000, size: 2040 MB, Compressed Oops mode: 32-bit

CDS archive(s) not mapped
Compressed class space mapped at: 0x0000000100000000-0x0000000140000000, reserved size: 1073741824
Narrow klass base: 0x0000000000000000, Narrow klass shift: 3, Narrow klass range: 0x140000000

GC Precious Log:
 CPUs: 8 total, 8 available
 Memory: 8156M
 Large Page Support: Disabled
 NUMA Support: Disabled
 Compressed Oops: Enabled (32-bit)
 Heap Region Size: 1M
 Heap Min Capacity: 8M
 Heap Initial Capacity: 128M
 Heap Max Capacity: 2040M
 Pre-touch: Disabled
 Parallel Workers: 8
 Concurrent Workers: 2
 Concurrent Refinement Workers: 8
 Periodic GC: Disabled

Heap:
 garbage-first heap   total 131072K, used 3072K [0x0000000080800000, 0x0000000100000000)
  region size 1024K, 4 young (4096K), 0 survivors (0K)
 Metaspace       used 4807K, committed 4992K, reserved 1056768K
  class space    used 407K, committed 512K, reserved 1048576K

Heap Regions: E=young(eden), S=young(survivor), O=old, HS=humongous(starts), HC=humongous(continues), CS=collection set, F=free, OA=open archive, CA=closed archive, TAMS=top-at-mark-start (previous, next)
|   0|0x0000000080800000, 0x0000000080800000, 0x0000000080900000|  0%| F|  |TAMS 0x0000000080800000, 0x0000000080800000| Untracked 
|   1|0x0000000080900000, 0x0000000080900000, 0x0000000080a00000|  0%| F|  |TAMS 0x0000000080900000, 0x0000000080900000| Untracked 
|   2|0x0000000080a00000, 0x0000000080a00000, 0x0000000080b00000|  0%| F|  |TAMS 0x0000000080a00000, 0x0000000080a00000| Untracked 
|   3|0x0000000080b00000, 0x0000000080b00000, 0x0000000080c00000|  0%| F|  |TAMS 0x0000000080b00000, 0x0000000080b00000| Untracked 
|   4|0x0000000080c00000, 0x0000000080c00000, 0x0000000080d00000|  0%| F|  |TAMS 0x0000000080c00000, 0x0000000080c00000| Untracked 
|   5|0x0000000080d00000, 0x0000000080d00000, 0x0000000080e00000|  0%| F|  |TAMS 0x0000000080d00000, 0x0000000080d00000| Untracked 
|   6|0x0000000080e00000, 0x0000000080e00000, 0x0000000080f00000|  0%| F|  |TAMS 0x0000000080e00000, 0x0000000080e00000| Untracked 
|   7|0x0000000080f00000, 0x0000000080f00000, 0x0000000081000000|  0%| F|  |TAMS 0x0000000080f00000, 0x0000000080f00000| Untracked 
|   8|0x0000000081000000, 0x0000000081000000, 0x0000000081100000|  0%| F|  |TAMS 0x0000000081000000, 0x0000000081000000| Untracked 
|   9|0x0000000081100000, 0x0000000081100000, 0x0000000081200000|  0%| F|  |TAMS 0x0000000081100000, 0x0000000081100000| Untracked 
|  10|0x0000000081200000, 0x0000000081200000, 0x0000000081300000|  0%| F|  |TAMS 0x0000000081200000, 0x0000000081200000| Untracked 
|  11|0x0000000081300000, 0x0000000081300000, 0x0000000081400000|  0%| F|  |TAMS 0x0000000081300000, 0x0000000081300000| Untracked 
|  12|0x0000000081400000, 0x0000000081400000, 0x0000000081500000|  0%| F|  |TAMS 0x0000000081400000, 0x0000000081400000| Untracked 
|  13|0x0000000081500000, 0x0000000081500000, 0x0000000081600000|  0%| F|  |TAMS 0x0000000081500000, 0x0000000081500000| Untracked 
|  14|0x0000000081600000, 0x0000000081600000, 0x0000000081700000|  0%| F|  |TAMS 0x0000000081600000, 0x0000000081600000| Untracked 
|  15|0x0000000081700000, 0x0000000081700000, 0x0000000081800000|  0%| F|  |TAMS 0x0000000081700000, 0x0000000081700000| Untracked 
|  16|0x0000000081800000, 0x0000000081800000, 0x0000000081900000|  0%| F|  |TAMS 0x0000000081800000, 0x0000000081800000| Untracked 
|  17|0x0000000081900000, 0x0000000081900000, 0x0000000081a00000|  0%| F|  |TAMS 0x0000000081900000, 0x0000000081900000| Untracked 
|  18|0x0000000081a00000, 0x0000000081a00000, 0x0000000081b00000|  0%| F|  |TAMS 0x0000000081a00000, 0x0000000081a00000| Untracked 
|  19|0x0000000081b00000, 0x0000000081b00000, 0x0000000081c00000|  0%| F|  |TAMS 0x0000000081b00000, 0x0000000081b00000| Untracked 
|  20|0x0000000081c00000, 0x0000000081c00000, 0x0000000081d00000|  0%| F|  |TAMS 0x0000000081c00000, 0x0000000081c00000| Untracked 
|  21|0x0000000081d00000, 0x0000000081d00000, 0x0000000081e00000|  0%| F|  |TAMS 0x0000000081d00000, 0x0000000081d00000| Untracked 
|  22|0x0000000081e00000, 0x0000000081e00000, 0x0000000081f00000|  0%| F|  |TAMS 0x0000000081e00000, 0x0000000081e00000| Untracked 
|  23|0x0000000081f00000, 0x0000000081f00000, 0x0000000082000000|  0%| F|  |TAMS 0x0000000081f00000, 0x0000000081f00000| Untracked 
|  24|0x0000000082000000, 0x0000000082000000, 0x0000000082100000|  0%| F|  |TAMS 0x0000000082000000, 0x0000000082000000| Untracked 
|  25|0x0000000082100000, 0x0000000082100000, 0x0000000082200000|  0%| F|  |TAMS 0x0000000082100000, 0x0000000082100000| Untracked 
|  26|0x0000000082200000, 0x0000000082200000, 0x0000000082300000|  0%| F|  |TAMS 0x0000000082200000, 0x0000000082200000| Untracked 
|  27|0x0000000082300000, 0x0000000082300000, 0x0000000082400000|  0%| F|  |TAMS 0x0000000082300000, 0x0000000082300000| Untracked 
|  28|0x0000000082400000, 0x0000000082400000, 0x0000000082500000|  0%| F|  |TAMS 0x0000000082400000, 0x0000000082400000| Untracked 
|  29|0x0000000082500000, 0x0000000082500000, 0x0000000082600000|  0%| F|  |TAMS 0x0000000082500000, 0x0000000082500000| Untracked 
|  30|0x0000000082600000, 0x0000000082600000, 0x0000000082700000|  0%| F|  |TAMS 0x0000000082600000, 0x0000000082600000| Untracked 
|  31|0x0000000082700000, 0x0000000082700000, 0x0000000082800000|  0%| F|  |TAMS 0x0000000082700000, 0x0000000082700000| Untracked 
|  32|0x0000000082800000, 0x0000000082800000, 0x0000000082900000|  0%| F|  |TAMS 0x0000000082800000, 0x0000000082800000| Untracked 
|  33|0x0000000082900000, 0x0000000082900000, 0x0000000082a00000|  0%| F|  |TAMS 0x0000000082900000, 0x0000000082900000| Untracked 
|  34|0x0000000082a00000, 0x0000000082a00000, 0x0000000082b00000|  0%| F|  |TAMS 0x0000000082a00000, 0x0000000082a00000| Untracked 
|  35|0x0000000082b00000, 0x0000000082b00000, 0x0000000082c00000|  0%| F|  |TAMS 0x0000000082b00000, 0x0000000082b00000| Untracked 
|  36|0x0000000082c00000, 0x0000000082c00000, 0x0000000082d00000|  0%| F|  |TAMS 0x0000000082c00000, 0x0000000082c00000| Untracked 
|  37|0x0000000082d00000, 0x0000000082d00000, 0x0000000082e00000|  0%| F|  |TAMS 0x0000000082d00000, 0x0000000082d00000| Untracked 
|  38|0x0000000082e00000, 0x0000000082e00000, 0x0000000082f00000|  0%| F|  |TAMS 0x0000000082e00000, 0x0000000082e00000| Untracked 
|  39|0x0000000082f00000, 0x0000000082f00000, 0x0000000083000000|  0%| F|  |TAMS 0x0000000082f00000, 0x0000000082f00000| Untracked 
|  40|0x0000000083000000, 0x0000000083000000, 0x0000000083100000|  0%| F|  |TAMS 0x0000000083000000, 0x0000000083000000| Untracked 
|  41|0x0000000083100000, 0x0000000083100000, 0x0000000083200000|  0%| F|  |TAMS 0x0000000083100000, 0x0000000083100000| Untracked 
|  42|0x0000000083200000, 0x0000000083200000, 0x0000000083300000|  0%| F|  |TAMS 0x0000000083200000, 0x0000000083200000| Untracked 
|  43|0x0000000083300000, 0x0000000083300000, 0x0000000083400000|  0%| F|  |TAMS 0x0000000083300000, 0x0000000083300000| Untracked 
|  44|0x0000000083400000, 0x0000000083400000, 0x0000000083500000|  0%| F|  |TAMS 0x0000000083400000, 0x0000000083400000| Untracked 
|  45|0x0000000083500000, 0x0000000083500000, 0x0000000083600000|  0%| F|  |TAMS 0x0000000083500000, 0x0000000083500000| Untracked 
|  46|0x0000000083600000, 0x0000000083600000, 0x0000000083700000|  0%| F|  |TAMS 0x0000000083600000, 0x0000000083600000| Untracked 
|  47|0x0000000083700000, 0x0000000083700000, 0x0000000083800000|  0%| F|  |TAMS 0x0000000083700000, 0x0000000083700000| Untracked 
|  48|0x0000000083800000, 0x0000000083800000, 0x0000000083900000|  0%| F|  |TAMS 0x0000000083800000, 0x0000000083800000| Untracked 
|  49|0x0000000083900000, 0x0000000083900000, 0x0000000083a00000|  0%| F|  |TAMS 0x0000000083900000, 0x0000000083900000| Untracked 
|  50|0x0000000083a00000, 0x0000000083a00000, 0x0000000083b00000|  0%| F|  |TAMS 0x0000000083a00000, 0x0000000083a00000| Untracked 
|  51|0x0000000083b00000, 0x0000000083b00000, 0x0000000083c00000|  0%| F|  |TAMS 0x0000000083b00000, 0x0000000083b00000| Untracked 
|  52|0x0000000083c00000, 0x0000000083c00000, 0x0000000083d00000|  0%| F|  |TAMS 0x0000000083c00000, 0x0000000083c00000| Untracked 
|  53|0x0000000083d00000, 0x0000000083d00000, 0x0000000083e00000|  0%| F|  |TAMS 0x0000000083d00000, 0x0000000083d00000| Untracked 
|  54|0x0000000083e00000, 0x0000000083e00000, 0x0000000083f00000|  0%| F|  |TAMS 0x0000000083e00000, 0x0000000083e00000| Untracked 
|  55|0x0000000083f00000, 0x0000000083f00000, 0x0000000084000000|  0%| F|  |TAMS 0x0000000083f00000, 0x0000000083f00000| Untracked 
|  56|0x0000000084000000, 0x0000000084000000, 0x0000000084100000|  0%| F|  |TAMS 0x0000000084000000, 0x0000000084000000| Untracked 
|  57|0x0000000084100000, 0x0000000084100000, 0x0000000084200000|  0%| F|  |TAMS 0x0000000084100000, 0x0000000084100000| Untracked 
|  58|0x0000000084200000, 0x0000000084200000, 0x0000000084300000|  0%| F|  |TAMS 0x0000000084200000, 0x0000000084200000| Untracked 
|  59|0x0000000084300000, 0x0000000084300000, 0x0000000084400000|  0%| F|  |TAMS 0x0000000084300000, 0x0000000084300000| Untracked 
|  60|0x0000000084400000, 0x0000000084400000, 0x0000000084500000|  0%| F|  |TAMS 0x0000000084400000, 0x0000000084400000| Untracked 
|  61|0x0000000084500000, 0x0000000084500000, 0x0000000084600000|  0%| F|  |TAMS 0x0000000084500000, 0x0000000084500000| Untracked 
|  62|0x0000000084600000, 0x0000000084600000, 0x0000000084700000|  0%| F|  |TAMS 0x0000000084600000, 0x0000000084600000| Untracked 
|  63|0x0000000084700000, 0x0000000084700000, 0x0000000084800000|  0%| F|  |TAMS 0x0000000084700000, 0x0000000084700000| Untracked 
|  64|0x0000000084800000, 0x0000000084800000, 0x0000000084900000|  0%| F|  |TAMS 0x0000000084800000, 0x0000000084800000| Untracked 
|  65|0x0000000084900000, 0x0000000084900000, 0x0000000084a00000|  0%| F|  |TAMS 0x0000000084900000, 0x0000000084900000| Untracked 
|  66|0x0000000084a00000, 0x0000000084a00000, 0x0000000084b00000|  0%| F|  |TAMS 0x0000000084a00000, 0x0000000084a00000| Untracked 
|  67|0x0000000084b00000, 0x0000000084b00000, 0x0000000084c00000|  0%| F|  |TAMS 0x0000000084b00000, 0x0000000084b00000| Untracked 
|  68|0x0000000084c00000, 0x0000000084c00000, 0x0000000084d00000|  0%| F|  |TAMS 0x0000000084c00000, 0x0000000084c00000| Untracked 
|  69|0x0000000084d00000, 0x0000000084d00000, 0x0000000084e00000|  0%| F|  |TAMS 0x0000000084d00000, 0x0000000084d00000| Untracked 
|  70|0x0000000084e00000, 0x0000000084e00000, 0x0000000084f00000|  0%| F|  |TAMS 0x0000000084e00000, 0x0000000084e00000| Untracked 
|  71|0x0000000084f00000, 0x0000000084f00000, 0x0000000085000000|  0%| F|  |TAMS 0x0000000084f00000, 0x0000000084f00000| Untracked 
|  72|0x0000000085000000, 0x0000000085000000, 0x0000000085100000|  0%| F|  |TAMS 0x0000000085000000, 0x0000000085000000| Untracked 
|  73|0x0000000085100000, 0x0000000085100000, 0x0000000085200000|  0%| F|  |TAMS 0x0000000085100000, 0x0000000085100000| Untracked 
|  74|0x0000000085200000, 0x0000000085200000, 0x0000000085300000|  0%| F|  |TAMS 0x0000000085200000, 0x0000000085200000| Untracked 
|  75|0x0000000085300000, 0x0000000085300000, 0x0000000085400000|  0%| F|  |TAMS 0x0000000085300000, 0x0000000085300000| Untracked 
|  76|0x0000000085400000, 0x0000000085400000, 0x0000000085500000|  0%| F|  |TAMS 0x0000000085400000, 0x0000000085400000| Untracked 
|  77|0x0000000085500000, 0x0000000085500000, 0x0000000085600000|  0%| F|  |TAMS 0x0000000085500000, 0x0000000085500000| Untracked 
|  78|0x0000000085600000, 0x0000000085600000, 0x0000000085700000|  0%| F|  |TAMS 0x0000000085600000, 0x0000000085600000| Untracked 
|  79|0x0000000085700000, 0x0000000085700000, 0x0000000085800000|  0%| F|  |TAMS 0x0000000085700000, 0x0000000085700000| Untracked 
|  80|0x0000000085800000, 0x0000000085800000, 0x0000000085900000|  0%| F|  |TAMS 0x0000000085800000, 0x0000000085800000| Untracked 
|  81|0x0000000085900000, 0x0000000085900000, 0x0000000085a00000|  0%| F|  |TAMS 0x0000000085900000, 0x0000000085900000| Untracked 
|  82|0x0000000085a00000, 0x0000000085a00000, 0x0000000085b00000|  0%| F|  |TAMS 0x0000000085a00000, 0x0000000085a00000| Untracked 
|  83|0x0000000085b00000, 0x0000000085b00000, 0x0000000085c00000|  0%| F|  |TAMS 0x0000000085b00000, 0x0000000085b00000| Untracked 
|  84|0x0000000085c00000, 0x0000000085c00000, 0x0000000085d00000|  0%| F|  |TAMS 0x0000000085c00000, 0x0000000085c00000| Untracked 
|  85|0x0000000085d00000, 0x0000000085d00000, 0x0000000085e00000|  0%| F|  |TAMS 0x0000000085d00000, 0x0000000085d00000| Untracked 
|  86|0x0000000085e00000, 0x0000000085e00000, 0x0000000085f00000|  0%| F|  |TAMS 0x0000000085e00000, 0x0000000085e00000| Untracked 
|  87|0x0000000085f00000, 0x0000000085f00000, 0x0000000086000000|  0%| F|  |TAMS 0x0000000085f00000, 0x0000000085f00000| Untracked 
|  88|0x0000000086000000, 0x0000000086000000, 0x0000000086100000|  0%| F|  |TAMS 0x0000000086000000, 0x0000000086000000| Untracked 
|  89|0x0000000086100000, 0x0000000086100000, 0x0000000086200000|  0%| F|  |TAMS 0x0000000086100000, 0x0000000086100000| Untracked 
|  90|0x0000000086200000, 0x0000000086200000, 0x0000000086300000|  0%| F|  |TAMS 0x0000000086200000, 0x0000000086200000| Untracked 
|  91|0x0000000086300000, 0x0000000086300000, 0x0000000086400000|  0%| F|  |TAMS 0x0000000086300000, 0x0000000086300000| Untracked 
|  92|0x0000000086400000, 0x0000000086400000, 0x0000000086500000|  0%| F|  |TAMS 0x0000000086400000, 0x0000000086400000| Untracked 
|  93|0x0000000086500000, 0x0000000086500000, 0x0000000086600000|  0%| F|  |TAMS 0x0000000086500000, 0x0000000086500000| Untracked 
|  94|0x0000000086600000, 0x0000000086600000, 0x0000000086700000|  0%| F|  |TAMS 0x0000000086600000, 0x0000000086600000| Untracked 
|  95|0x0000000086700000, 0x0000000086700000, 0x0000000086800000|  0%| F|  |TAMS 0x0000000086700000, 0x0000000086700000| Untracked 
|  96|0x0000000086800000, 0x0000000086800000, 0x0000000086900000|  0%| F|  |TAMS 0x0000000086800000, 0x0000000086800000| Untracked 
|  97|0x0000000086900000, 0x0000000086900000, 0x0000000086a00000|  0%| F|  |TAMS 0x0000000086900000, 0x0000000086900000| Untracked 
|  98|0x0000000086a00000, 0x0000000086a00000, 0x0000000086b00000|  0%| F|  |TAMS 0x0000000086a00000, 0x0000000086a00000| Untracked 
|  99|0x0000000086b00000, 0x0000000086b00000, 0x0000000086c00000|  0%| F|  |TAMS 0x0000000086b00000, 0x0000000086b00000| Untracked 
| 100|0x0000000086c00000, 0x0000000086c00000, 0x0000000086d00000|  0%| F|  |TAMS 0x0000000086c00000, 0x0000000086c00000| Untracked 
| 101|0x0000000086d00000, 0x0000000086d00000, 0x0000000086e00000|  0%| F|  |TAMS 0x0000000086d00000, 0x0000000086d00000| Untracked 
| 102|0x0000000086e00000, 0x0000000086e00000, 0x0000000086f00000|  0%| F|  |TAMS 0x0000000086e00000, 0x0000000086e00000| Untracked 
| 103|0x0000000086f00000, 0x0000000086f00000, 0x0000000087000000|  0%| F|  |TAMS 0x0000000086f00000, 0x0000000086f00000| Untracked 
| 104|0x0000000087000000, 0x0000000087000000, 0x0000000087100000|  0%| F|  |TAMS 0x0000000087000000, 0x0000000087000000| Untracked 
| 105|0x0000000087100000, 0x0000000087100000, 0x0000000087200000|  0%| F|  |TAMS 0x0000000087100000, 0x0000000087100000| Untracked 
| 106|0x0000000087200000, 0x0000000087200000, 0x0000000087300000|  0%| F|  |TAMS 0x0000000087200000, 0x0000000087200000| Untracked 
| 107|0x0000000087300000, 0x0000000087300000, 0x0000000087400000|  0%| F|  |TAMS 0x0000000087300000, 0x0000000087300000| Untracked 
| 108|0x0000000087400000, 0x0000000087400000, 0x0000000087500000|  0%| F|  |TAMS 0x0000000087400000, 0x0000000087400000| Untracked 
| 109|0x0000000087500000, 0x0000000087500000, 0x0000000087600000|  0%| F|  |TAMS 0x0000000087500000, 0x0000000087500000| Untracked 
| 110|0x0000000087600000, 0x0000000087600000, 0x0000000087700000|  0%| F|  |TAMS 0x0000000087600000, 0x0000000087600000| Untracked 
| 111|0x0000000087700000, 0x0000000087700000, 0x0000000087800000|  0%| F|  |TAMS 0x0000000087700000, 0x0000000087700000| Untracked 
| 112|0x0000000087800000, 0x0000000087800000, 0x0000000087900000|  0%| F|  |TAMS 0x0000000087800000, 0x0000000087800000| Untracked 
| 113|0x0000000087900000, 0x0000000087900000, 0x0000000087a00000|  0%| F|  |TAMS 0x0000000087900000, 0x0000000087900000| Untracked 
| 114|0x0000000087a00000, 0x0000000087a00000, 0x0000000087b00000|  0%| F|  |TAMS 0x0000000087a00000, 0x0000000087a00000| Untracked 
| 115|0x0000000087b00000, 0x0000000087b00000, 0x0000000087c00000|  0%| F|  |TAMS 0x0000000087b00000, 0x0000000087b00000| Untracked 
| 116|0x0000000087c00000, 0x0000000087c00000, 0x0000000087d00000|  0%| F|  |TAMS 0x0000000087c00000, 0x0000000087c00000| Untracked 
| 117|0x0000000087d00000, 0x0000000087d00000, 0x0000000087e00000|  0%| F|  |TAMS 0x0000000087d00000, 0x0000000087d00000| Untracked 
| 118|0x0000000087e00000, 0x0000000087e00000, 0x0000000087f00000|  0%| F|  |TAMS 0x0000000087e00000, 0x0000000087e00000| Untracked 
| 119|0x0000000087f00000, 0x0000000087f00000, 0x0000000088000000|  0%| F|  |TAMS 0x0000000087f00000, 0x0000000087f00000| Untracked 
| 120|0x0000000088000000, 0x0000000088000000, 0x0000000088100000|  0%| F|  |TAMS 0x0000000088000000, 0x0000000088000000| Untracked 
| 121|0x0000000088100000, 0x0000000088100000, 0x0000000088200000|  0%| F|  |TAMS 0x0000000088100000, 0x0000000088100000| Untracked 
| 122|0x0000000088200000, 0x0000000088200000, 0x0000000088300000|  0%| F|  |TAMS 0x0000000088200000, 0x0000000088200000| Untracked 
| 123|0x0000000088300000, 0x0000000088300000, 0x0000000088400000|  0%| F|  |TAMS 0x0000000088300000, 0x0000000088300000| Untracked 
| 124|0x0000000088400000, 0x0000000088400800, 0x0000000088500000|  0%| E|  |TAMS 0x0000000088400000, 0x0000000088400000| Complete 
| 125|0x0000000088500000, 0x0000000088600000, 0x0000000088600000|100%| E|CS|TAMS 0x0000000088500000, 0x0000000088500000| Complete 
| 126|0x0000000088600000, 0x0000000088700000, 0x0000000088700000|100%| E|CS|TAMS 0x0000000088600000, 0x0000000088600000| Complete 
| 127|0x0000000088700000, 0x0000000088800000, 0x0000000088800000|100%| E|CS|TAMS 0x0000000088700000, 0x0000000088700000| Complete 

Card table byte_map: [0x0000022ede1d0000,0x0000022ede5d0000] _byte_map_base: 0x0000022edddcc000

Marking Bits (Prev, Next): (CMBitMap*) 0x0000022ecb42a580, (CMBitMap*) 0x0000022ecb42a5c0
 Prev Bits: [0x0000022ede9d0000, 0x0000022ee09b0000)
 Next Bits: [0x0000022ee09b0000, 0x0000022ee2990000)

Polling page: 0x0000022ec9590000

Metaspace:

Usage:
  Non-class:      4.30 MB used.
      Class:    407.80 KB used.
       Both:      4.69 MB used.

Virtual space:
  Non-class space:        8.00 MB reserved,       4.38 MB ( 55%) committed,  1 nodes.
      Class space:        1.00 GB reserved,     512.00 KB ( <1%) committed,  1 nodes.
             Both:        1.01 GB reserved,       4.88 MB ( <1%) committed. 

Chunk freelists:
   Non-Class:  2.89 MB
       Class:  3.55 MB
        Both:  6.44 MB

MaxMetaspaceSize: unlimited
CompressedClassSpaceSize: 1.00 GB
Initial GC threshold: 21.00 MB
Current GC threshold: 21.00 MB
CDS: off
MetaspaceReclaimPolicy: balanced
 - commit_granule_bytes: 65536.
 - commit_granule_words: 8192.
 - virtual_space_node_default_size: 1048576.
 - enlarge_chunks_in_place: 1.
 - new_chunks_are_fully_committed: 0.
 - uncommit_free_chunks: 1.
 - use_allocation_guard: 0.
 - handle_deallocations: 1.


Internal statistics:

num_allocs_failed_limit: 0.
num_arena_births: 4.
num_arena_deaths: 0.
num_vsnodes_births: 2.
num_vsnodes_deaths: 0.
num_space_committed: 78.
num_space_uncommitted: 0.
num_chunks_returned_to_freelist: 0.
num_chunks_taken_from_freelist: 16.
num_chunk_merges: 0.
num_chunk_splits: 7.
num_chunks_enlarged: 6.
num_purges: 0.
num_inconsistent_stats: 0.

CodeHeap 'non-profiled nmethods': size=120000Kb used=18Kb max_used=18Kb free=119981Kb
 bounds [0x0000022ed6570000, 0x0000022ed67e0000, 0x0000022eddaa0000]
CodeHeap 'profiled nmethods': size=120000Kb used=181Kb max_used=181Kb free=119818Kb
 bounds [0x0000022ecf040000, 0x0000022ecf2b0000, 0x0000022ed6570000]
CodeHeap 'non-nmethods': size=5760Kb used=1059Kb max_used=1073Kb free=4700Kb
 bounds [0x0000022eceaa0000, 0x0000022eced10000, 0x0000022ecf040000]
 total_blobs=444 nmethods=122 adapters=235
 compilation: enabled
              stopped_count=0, restarted_count=0
 full_count=0

Compilation events (20 events):
Event: 0.182 Thread 0x0000022ee6043790 nmethod 109 0x0000022ecf069490 code [0x0000022ecf069660, 0x0000022ecf0699f8]
Event: 0.182 Thread 0x0000022ee6043790  112       3       java.lang.StringBuffer::<init> (7 bytes)
Event: 0.182 Thread 0x0000022ee6043790 nmethod 112 0x0000022ecf069b10 code [0x0000022ecf069ca0, 0x0000022ecf069de8]
Event: 0.182 Thread 0x0000022ee6043790  113  s    3       java.lang.StringBuffer::toString (59 bytes)
Event: 0.182 Thread 0x0000022ee6043790 nmethod 113 0x0000022ecf069e90 code [0x0000022ecf06a080, 0x0000022ecf06a698]
Event: 0.182 Thread 0x0000022ee6043790  114  s    3       java.lang.StringBuffer::append (13 bytes)
Event: 0.182 Thread 0x0000022ee6043790 nmethod 114 0x0000022ecf06a810 code [0x0000022ecf06a9c0, 0x0000022ecf06abe8]
Event: 0.182 Thread 0x0000022ee6043790  115       3       java.lang.AbstractStringBuilder::append (55 bytes)
Event: 0.183 Thread 0x0000022ee6043790 nmethod 115 0x0000022ecf06ac90 code [0x0000022ecf06ae60, 0x0000022ecf06b198]
Event: 0.183 Thread 0x0000022ee6043790  116       3       java.lang.String::toUpperCase (29 bytes)
Event: 0.183 Thread 0x0000022ee6043790 nmethod 116 0x0000022ecf06b310 code [0x0000022ecf06b4e0, 0x0000022ecf06b798]
Event: 0.183 Thread 0x0000022ee6043790  118       1       java.util.zip.Inflater$InflaterZStreamRef::address (5 bytes)
Event: 0.183 Thread 0x0000022ee6043790 nmethod 118 0x0000022ed6574190 code [0x0000022ed6574320, 0x0000022ed65743f8]
Event: 0.183 Thread 0x0000022ee60326d0  119       4       java.lang.String::length (11 bytes)
Event: 0.183 Thread 0x0000022ee6043790  120       3       java.lang.String::startsWith (138 bytes)
Event: 0.184 Thread 0x0000022ee60326d0 nmethod 119 0x0000022ed6574490 code [0x0000022ed6574600, 0x0000022ed6574698]
Event: 0.184 Thread 0x0000022ee6043790 nmethod 120 0x0000022ecf06b890 code [0x0000022ecf06baa0, 0x0000022ecf06c338]
Event: 0.185 Thread 0x0000022ee6043790  121       1       java.net.URL::getProtocol (5 bytes)
Event: 0.185 Thread 0x0000022ee6043790 nmethod 121 0x0000022ed6574790 code [0x0000022ed6574920, 0x0000022ed65749f8]
Event: 0.194 Thread 0x0000022ee6043790  122       3       java.util.concurrent.ConcurrentHashMap::get (162 bytes)

GC Heap History (0 events):
No events

Deoptimization events (0 events):
No events

Classes unloaded (0 events):
No events

Classes redefined (0 events):
No events

Internal exceptions (2 events):
Event: 0.176 Thread 0x0000022ecb3ec8c0 Exception <a 'java/io/FileNotFoundException'{0x00000000886ee9d0}> (0x00000000886ee9d0) 
thrown [e:\jenkins\tmp\workspace\build\src\src\hotspot\share\prims\jni.cpp, line 516]
Event: 0.180 Thread 0x0000022ecb3ec8c0 Exception <a 'java/io/FileNotFoundException'{0x0000000088500ff8}> (0x0000000088500ff8) 
thrown [e:\jenkins\tmp\workspace\build\src\src\hotspot\share\prims\jni.cpp, line 516]

VM Operations (4 events):
Event: 0.164 Executing VM operation: HandshakeAllThreads
Event: 0.164 Executing VM operation: HandshakeAllThreads done
Event: 0.171 Executing VM operation: HandshakeAllThreads
Event: 0.171 Executing VM operation: HandshakeAllThreads done

Events (20 events):
Event: 0.165 loading class java/util/zip/Checksum$1
Event: 0.165 loading class java/util/zip/Checksum$1 done
Event: 0.167 Loaded shared library C:\Users\oem\.p2\pool\plugins\org.eclipse.justj.openjdk.hotspot.jre.full.win32.x86_64_17.0.1.v20211116-1657\jre\bin\verify.dll
Event: 0.168 loading class java/util/concurrent/ConcurrentHashMap$ForwardingNode
Event: 0.168 loading class java/util/concurrent/ConcurrentHashMap$ForwardingNode done
Event: 0.168 loading class java/lang/InterruptedException
Event: 0.168 loading class java/lang/InterruptedException done
Event: 0.174 Loaded shared library C:\DATA\work\JavaSerial\lib\rxtxSerial.dll
Event: 0.176 loading class java/io/FileNotFoundException
Event: 0.176 loading class java/io/IOException
Event: 0.176 loading class java/io/IOException done
Event: 0.176 loading class java/io/FileNotFoundException done
Event: 0.182 loading class java/util/TooManyListenersException
Event: 0.182 loading class java/util/TooManyListenersException done
Event: 0.184 loading class java/lang/NumberFormatException
Event: 0.184 loading class java/lang/NumberFormatException done
Event: 0.184 loading class java/lang/IndexOutOfBoundsException
Event: 0.184 loading class java/lang/IndexOutOfBoundsException done
Event: 0.186 Thread 0x0000022ee61f1c60 Thread added: 0x0000022ee61f1c60
Event: 0.194 Thread 0x0000022ee62216c0 Thread added: 0x0000022ee62216c0


Dynamic libraries:
0x00007ff6d09a0000 - 0x00007ff6d09ae000 	C:\Users\oem\.p2\pool\plugins\org.eclipse.justj.openjdk.hotspot.jre.full.win32.x86_64_17.0.1.v20211116-1657\jre\bin\javaw.exe
0x00007ff8dc1b0000 - 0x00007ff8dc3a5000 	C:\Windows\SYSTEM32\ntdll.dll
0x00007ff8dbe40000 - 0x00007ff8dbefe000 	C:\Windows\System32\KERNEL32.DLL
0x00007ff8d9f40000 - 0x00007ff8da208000 	C:\Windows\System32\KERNELBASE.dll
0x00007ff8d98d0000 - 0x00007ff8d99d0000 	C:\Windows\System32\ucrtbase.dll
0x00007ff8d07d0000 - 0x00007ff8d07e9000 	C:\Users\oem\.p2\pool\plugins\org.eclipse.justj.openjdk.hotspot.jre.full.win32.x86_64_17.0.1.v20211116-1657\jre\bin\VCRUNTIME140.dll
0x00007ff8cfb10000 - 0x00007ff8cfb28000 	C:\Users\oem\.p2\pool\plugins\org.eclipse.justj.openjdk.hotspot.jre.full.win32.x86_64_17.0.1.v20211116-1657\jre\bin\jli.dll
0x00007ff8dad30000 - 0x00007ff8daed0000 	C:\Windows\System32\USER32.dll
0x00007ff8d9ec0000 - 0x00007ff8d9ee2000 	C:\Windows\System32\win32u.dll
0x00007ff8c88c0000 - 0x00007ff8c8b5a000 	C:\Windows\WinSxS\amd64_microsoft.windows.common-controls_6595b64144ccf1df_6.0.19041.1110_none_60b5254171f9507e\COMCTL32.dll
0x00007ff8da460000 - 0x00007ff8da48a000 	C:\Windows\System32\GDI32.dll
0x00007ff8dbfd0000 - 0x00007ff8dc06e000 	C:\Windows\System32\msvcrt.dll
0x00007ff8d9be0000 - 0x00007ff8d9ceb000 	C:\Windows\System32\gdi32full.dll
0x00007ff8d9cf0000 - 0x00007ff8d9d8d000 	C:\Windows\System32\msvcp_win.dll
0x00007ff8dad00000 - 0x00007ff8dad30000 	C:\Windows\System32\IMM32.DLL
0x00007ff8d07c0000 - 0x00007ff8d07cc000 	C:\Users\oem\.p2\pool\plugins\org.eclipse.justj.openjdk.hotspot.jre.full.win32.x86_64_17.0.1.v20211116-1657\jre\bin\vcruntime140_1.dll
0x00007ff8bba60000 - 0x00007ff8bbaf1000 	C:\Users\oem\.p2\pool\plugins\org.eclipse.justj.openjdk.hotspot.jre.full.win32.x86_64_17.0.1.v20211116-1657\jre\bin\msvcp140.dll
0x00007ff896470000 - 0x00007ff8970b6000 	C:\Users\oem\.p2\pool\plugins\org.eclipse.justj.openjdk.hotspot.jre.full.win32.x86_64_17.0.1.v20211116-1657\jre\bin\server\jvm.dll
0x00007ff8db9a0000 - 0x00007ff8dba4e000 	C:\Windows\System32\ADVAPI32.dll
0x00007ff8dc0d0000 - 0x00007ff8dc16c000 	C:\Windows\System32\sechost.dll
0x00007ff8db2a0000 - 0x00007ff8db3c5000 	C:\Windows\System32\RPCRT4.dll
0x00007ff8da450000 - 0x00007ff8da458000 	C:\Windows\System32\PSAPI.DLL
0x00007ff8cb900000 - 0x00007ff8cb909000 	C:\Windows\SYSTEM32\WSOCK32.dll
0x00007ff8ce030000 - 0x00007ff8ce057000 	C:\Windows\SYSTEM32\WINMM.dll
0x00007ff8d1ec0000 - 0x00007ff8d1eca000 	C:\Windows\SYSTEM32\VERSION.dll
0x00007ff8db230000 - 0x00007ff8db29b000 	C:\Windows\System32\WS2_32.dll
0x00007ff8d77d0000 - 0x00007ff8d77e2000 	C:\Windows\SYSTEM32\kernel.appcore.dll
0x00007ff8cfc00000 - 0x00007ff8cfc0a000 	C:\Users\oem\.p2\pool\plugins\org.eclipse.justj.openjdk.hotspot.jre.full.win32.x86_64_17.0.1.v20211116-1657\jre\bin\jimage.dll
0x00007ff8c8b60000 - 0x00007ff8c8d44000 	C:\Windows\SYSTEM32\DBGHELP.DLL
0x00007ff8c8890000 - 0x00007ff8c88bc000 	C:\Windows\SYSTEM32\dbgcore.DLL
0x00007ff8d9e30000 - 0x00007ff8d9eb2000 	C:\Windows\System32\bcryptPrimitives.dll
0x00007ff8cdbf0000 - 0x00007ff8cdc15000 	C:\Users\oem\.p2\pool\plugins\org.eclipse.justj.openjdk.hotspot.jre.full.win32.x86_64_17.0.1.v20211116-1657\jre\bin\java.dll
0x00007ff8cd430000 - 0x00007ff8cd448000 	C:\Users\oem\.p2\pool\plugins\org.eclipse.justj.openjdk.hotspot.jre.full.win32.x86_64_17.0.1.v20211116-1657\jre\bin\zip.dll
0x00007ff8da550000 - 0x00007ff8dac94000 	C:\Windows\System32\SHELL32.dll
0x00007ff8d79d0000 - 0x00007ff8d8164000 	C:\Windows\SYSTEM32\windows.storage.dll
0x00007ff8daed0000 - 0x00007ff8db224000 	C:\Windows\System32\combase.dll
0x00007ff8d91f0000 - 0x00007ff8d921c000 	C:\Windows\SYSTEM32\Wldp.dll
0x00007ff8da4a0000 - 0x00007ff8da54d000 	C:\Windows\System32\SHCORE.dll
0x00007ff8dc070000 - 0x00007ff8dc0c5000 	C:\Windows\System32\shlwapi.dll
0x00007ff8d9810000 - 0x00007ff8d982f000 	C:\Windows\SYSTEM32\profapi.dll
0x00007ff8cd1f0000 - 0x00007ff8cd209000 	C:\Users\oem\.p2\pool\plugins\org.eclipse.justj.openjdk.hotspot.jre.full.win32.x86_64_17.0.1.v20211116-1657\jre\bin\net.dll
0x00007ff8d28e0000 - 0x00007ff8d29ea000 	C:\Windows\SYSTEM32\WINHTTP.dll
0x00007ff8d8f70000 - 0x00007ff8d8fda000 	C:\Windows\system32\mswsock.dll
0x00007ff8c7fd0000 - 0x00007ff8c7fe5000 	C:\Users\oem\.p2\pool\plugins\org.eclipse.justj.openjdk.hotspot.jre.full.win32.x86_64_17.0.1.v20211116-1657\jre\bin\nio.dll
0x00007ff8cfb70000 - 0x00007ff8cfb80000 	C:\Users\oem\.p2\pool\plugins\org.eclipse.justj.openjdk.hotspot.jre.full.win32.x86_64_17.0.1.v20211116-1657\jre\bin\verify.dll
0x0000000180000000 - 0x0000000180025000 	C:\DATA\work\JavaSerial\lib\rxtxSerial.dll

dbghelp: loaded successfully - version: 4.0.5 - missing functions: none
symbol engine: initialized successfully - sym options: 0x614 - pdb path: .;C:\Users\oem\.p2\pool\plugins\org.eclipse.justj.openjdk.hotspot.jre.full.win32.x86_64_17.0.1.v20211116-1657\jre\bin;C:\Windows\SYSTEM32;C:\Windows\WinSxS\amd64_microsoft.windows.common-controls_6595b64144ccf1df_6.0.19041.1110_none_60b5254171f9507e;C:\Users\oem\.p2\pool\plugins\org.eclipse.justj.openjdk.hotspot.jre.full.win32.x86_64_17.0.1.v20211116-1657\jre\bin\server;C:\DATA\work\JavaSerial\lib

VM Arguments:
jvm_args: -Djava.library.path=C:\DATA\work\JavaSerial\lib -Dfile.encoding=MS949 -XX:+ShowCodeDetailsInExceptionMessages 
java_command: Java.Serial
java_class_path (initial): C:\DATA\work\JavaSerial\bin;C:\DATA\work\JavaSerial\lib\RXTXcomm.jar
Launcher Type: SUN_STANDARD

[Global flags]
     intx CICompilerCount                          = 4                                         {product} {ergonomic}
     uint ConcGCThreads                            = 2                                         {product} {ergonomic}
     uint G1ConcRefinementThreads                  = 8                                         {product} {ergonomic}
   size_t G1HeapRegionSize                         = 1048576                                   {product} {ergonomic}
    uintx GCDrainStackTargetSize                   = 64                                        {product} {ergonomic}
   size_t InitialHeapSize                          = 134217728                                 {product} {ergonomic}
   size_t MarkStackSize                            = 4194304                                   {product} {ergonomic}
   size_t MaxHeapSize                              = 2139095040                                {product} {ergonomic}
   size_t MaxNewSize                               = 1283457024                                {product} {ergonomic}
   size_t MinHeapDeltaBytes                        = 1048576                                   {product} {ergonomic}
   size_t MinHeapSize                              = 8388608                                   {product} {ergonomic}
    uintx NonNMethodCodeHeapSize                   = 5839372                                {pd product} {ergonomic}
    uintx NonProfiledCodeHeapSize                  = 122909434                              {pd product} {ergonomic}
    uintx ProfiledCodeHeapSize                     = 122909434                              {pd product} {ergonomic}
    uintx ReservedCodeCacheSize                    = 251658240                              {pd product} {ergonomic}
     bool SegmentedCodeCache                       = true                                      {product} {ergonomic}
     bool ShowCodeDetailsInExceptionMessages       = true                                   {manageable} {command line}
   size_t SoftMaxHeapSize                          = 2139095040                             {manageable} {ergonomic}
     bool UseCompressedClassPointers               = true                           {product lp64_product} {ergonomic}
     bool UseCompressedOops                        = true                           {product lp64_product} {ergonomic}
     bool UseG1GC                                  = true                                      {product} {ergonomic}
     bool UseLargePagesIndividualAllocation        = false                                  {pd product} {ergonomic}

Logging:
Log output configuration:
 #0: stdout all=warning uptime,level,tags
 #1: stderr all=off uptime,level,tags

Environment Variables:
JAVA_HOME=C:\Program Files\Java\jdk-11.0.13
PATH=C:/Program Files/Java/jdk-11.0.13/bin/server;C:/Program Files/Java/jdk-11.0.13/bin;C:\Program Files\Java\jdk-11.0.13\bin;C:\DATA\tomcat9\apache-tomcat-9.0.55\\bin;C:\spring\apache-maven-3.8.5\bin;C:\oraclexe\app\oracle\product\11.2.0\server\bin;C:\oraclexe\app\oracle\product\11.2.0\server\bin;C:\oraclexe\app\oracle\product\11.2.0\server\bin;C:\Program Files\Common Files\Oracle\Java\javapath;C:\Program Files (x86)\Common Files\Oracle\Java\javapath;C:\Windows\system32;C:\Windows;C:\Windows\System32\Wbem;C:\Windows\System32\WindowsPowerShell\v1.0\;C:\Windows\System32\OpenSSH\;C:\Program Files\Microsoft SQL Server\130\Tools\Binn\;C:\Program Files\Java\jdk1.8.0_291\bin;C:\Program Files\PuTTY\;C:\spring\gradle-7.4.2\bin;C:\Program Files\Git\cmd;C:\Users\oem\AppData\Local\Microsoft\WindowsApps, C:\User\oem\AppData\Local\Programs\Microsoft VS Code\bin;C:\Users\oem\AppData\Local\Programs\Microsoft VS Code\bin;C:\Users\oem\eclipse\eclipse;
USERNAME=oem
OS=Windows_NT
PROCESSOR_IDENTIFIER=Intel64 Family 6 Model 58 Stepping 9, GenuineIntel



---------------  S Y S T E M  ---------------

OS:
 Windows 10 , 64 bit Build 19041 (10.0.19041.1645)
OS uptime: 2 days 2:25 hours
Hyper-V role detected

CPU: total 8 (initial active 8) (4 cores per cpu, 2 threads per core) family 6 model 58 stepping 9 microcode 0x21, cx8, cmov, fxsr, ht, mmx, sse, sse2, sse3, ssse3, sse4.1, sse4.2, popcnt, tsc, tscinvbit, avx, aes, erms, clmul, vzeroupper, clflush, hv

Memory: 4k page, system-wide physical 8156M (3426M free)
TotalPageFile size 13153M (AvailPageFile size 5801M)
current process WorkingSet (physical memory assigned to process): 31M, peak: 31M
current process commit charge ("private bytes"): 203M, peak: 203M

vm_info: OpenJDK 64-Bit Server VM (17.0.1+12) for windows-amd64 JRE (17.0.1+12), built on Oct 20 2021 07:42:55 by "" with MS VC++ 16.7 (VS2019)

END.
