#
# A fatal error has been detected by the Java Runtime Environment:
#
#  EXCEPTION_ACCESS_VIOLATION (0xc0000005) at pc=0x0000000180005b00, pid=13276, tid=13928
#
# JRE version: OpenJDK Runtime Environment Temurin-17.0.1+12 (17.0.1+12) (build 17.0.1+12)
# Java VM: OpenJDK 64-Bit Server VM Temurin-17.0.1+12 (17.0.1+12, mixed mode, tiered, compressed oops, compressed class ptrs, g1 gc, windows-amd64)
# Problematic frame:
# C  [rxtxSerial.dll+0x5b00]
#
# No core dump will be written. Minidumps are not enabled by default on client versions of Windows
#
# If you would like to submit a bug report, please visit:
#   https://github.com/adoptium/adoptium-support/issues
# The crash happened outside the Java Virtual Machine in native code.
# See problematic frame for where to report the bug.
#

---------------  S U M M A R Y ------------

Command Line: -Djava.library.path=C:\DATA\DATA 犁全\mfz-rxtx-2.2-20081207-win-x64 -Dfile.encoding=MS949 -XX:+ShowCodeDetailsInExceptionMessages Serial

Host: Intel(R) Core(TM) i7-3770 CPU @ 3.40GHz, 8 cores, 7G,  Windows 10 , 64 bit Build 19041 (10.0.19041.1645)
Time: Fri Apr 22 14:25:06 2022  Windows 10 , 64 bit Build 19041 (10.0.19041.1645) elapsed time: 0.168193 seconds (0d 0h 0m 0s)

---------------  T H R E A D  ---------------

Current thread (0x0000024af8dddb20):  JavaThread "Thread-1" [_thread_in_native, id=13928, stack(0x0000006356400000,0x0000006356500000)]

Stack: [0x0000006356400000,0x0000006356500000],  sp=0x00000063564ff100,  free space=1020k
Native frames: (J=compiled Java code, j=interpreted, Vv=VM code, C=native code)
C  [rxtxSerial.dll+0x5b00]

Java frames: (J=compiled Java code, j=interpreted, Vv=VM code)
j  gnu.io.RXTXPort.readArray([BII)I+0
j  gnu.io.RXTXPort$SerialInputStream.read([BII)I+212
j  gnu.io.RXTXPort$SerialInputStream.read([B)I+60
j  Serial$SerialReader.run()V+32
j  java.lang.Thread.run()V+11 java.base@17.0.1
v  ~StubRoutines::call_stub

siginfo: EXCEPTION_ACCESS_VIOLATION (0xc0000005), reading address 0x00000000563fedd8


Register to memory mapping:

RIP=0x0000000180005b00 rxtxSerial.dll
RAX=0x0000000000000001 is an unknown value
RBX=0x0 is NULL
RCX=0x000000018001d4d5 rxtxSerial.dll
RDX=0xfffffffffffff665 is an unknown value
RSP=0x00000063564ff100 is pointing into the stack for thread: 0x0000024af8dddb20
RBP=0x00000000ffffffff is an unallocated location in the heap
RSI=0x0 is NULL
RDI=0x0000024af8ddddc8 points into unknown readable memory: 0x00007ff89c27f7c0 | c0 f7 27 9c f8 7f 00 00
R8 =0x0000000000000002 is an unknown value
R9 =0xfffffffffffff63c is an unknown value
R10=0x00007ff89c3030a0 jvm.dll
R11=0x8101010101010100 is an unknown value
R12=0x00000000563fedd0 is an unknown value
R13=0x0000000000000001 is an unknown value
R14=0x00000063564ff2e8 is pointing into the stack for thread: 0x0000024af8dddb20
R15=0x0 is NULL


Registers:
RAX=0x0000000000000001, RBX=0x0000000000000000, RCX=0x000000018001d4d5, RDX=0xfffffffffffff665
RSP=0x00000063564ff100, RBP=0x00000000ffffffff, RSI=0x0000000000000000, RDI=0x0000024af8ddddc8
R8 =0x0000000000000002, R9 =0xfffffffffffff63c, R10=0x00007ff89c3030a0, R11=0x8101010101010100
R12=0x00000000563fedd0, R13=0x0000000000000001, R14=0x00000063564ff2e8, R15=0x0000000000000000
RIP=0x0000000180005b00, EFLAGS=0x0000000000010202

Top of Stack: (sp=0x00000063564ff100)
0x00000063564ff100:   0000000000000000 0000000000000000
0x00000063564ff110:   0000000000000000 00007ff89bb68928
0x00000063564ff120:   0000000000000000 00000063564ff2e8
0x00000063564ff130:   0000024af880b108 0000000000000001
0x00000063564ff140:   0000024af8ddddc8 0000000000000001
0x00000063564ff150:   ffffffffffffffff 0000000180006211
0x00000063564ff160:   0000024addfecaa0 0000000000000001
0x00000063564ff170:   0000006300000001 0000024addfecaa0
0x00000063564ff180:   0000024a00000001 00000063ffffffff
0x00000063564ff190:   00000063564ff2f0 0000024ae16a9600
0x00000063564ff1a0:   0000024ae16a9600 0000024af880b108
0x00000063564ff1b0:   00000063564ff2b8 00007ff89bb01932
0x00000063564ff1c0:   00000000000155b4 00000063564ff9f0
0x00000063564ff1d0:   0000024af8dddb20 0000543627ed5543
0x00000063564ff1e0:   0000024af880b110 0000024af880b108
0x00000063564ff1f0:   0000024af8dddb20 00000063564ff2f0 

Instructions: (pc=0x0000000180005b00)
0x0000000180005a00:   5d c3 cc cc cc cc cc cc cc cc cc cc cc cc cc cc
0x0000000180005a10:   48 89 5c 24 08 4c 89 4c 24 20 44 89 44 24 18 55
0x0000000180005a20:   56 57 41 54 41 55 41 56 41 57 48 83 ec 20 48 8b
0x0000000180005a30:   2a 48 8b 01 33 db 48 8b d5 48 8b f9 44 8b fb 8b
0x0000000180005a40:   f3 ff 90 f8 00 00 00 4c 8d 0d 9e 70 01 00 4c 8b
0x0000000180005a50:   e0 48 8b 07 4c 8d 05 b5 70 01 00 49 8b d4 48 8b
0x0000000180005a60:   cf ff 90 f0 02 00 00 48 8b cf 4c 8b c0 48 85 c0
0x0000000180005a70:   48 8b 07 75 28 ff 90 80 00 00 00 4c 8b 1f 48 8b
0x0000000180005a80:   cf 41 ff 93 88 00 00 00 4c 8b 1f 49 8b d4 48 8b
0x0000000180005a90:   cf 41 ff 93 b8 00 00 00 4c 8b e3 eb 54 48 8b d5
0x0000000180005aa0:   ff 90 20 03 00 00 49 8b d4 48 8b cf 48 63 e8 48
0x0000000180005ab0:   8b 07 ff 90 b8 00 00 00 48 8d 15 51 70 01 00 48
0x0000000180005ac0:   8d 0d 0e 7a 01 00 41 b8 02 00 00 00 e8 6f 62 00
0x0000000180005ad0:   00 85 c0 75 19 85 ed 75 15 e8 c2 5e 00 00 48 8d
0x0000000180005ae0:   15 23 7a 01 00 48 8d 48 60 e8 3a 5d 00 00 4c 8b
0x0000000180005af0:   e5 8b ac 24 88 00 00 00 44 8b ac 24 80 00 00 00
0x0000000180005b00:   45 8b 74 24 08 41 89 5c 24 08 41 8b fd 85 ed 78
0x0000000180005b10:   09 ff 15 e9 14 01 00 44 8b f8 45 85 ed 7e 4a 90
0x0000000180005b20:   8b c6 ff c6 83 f8 14 7d 40 85 ed 78 0d ff 15 cd
0x0000000180005b30:   14 01 00 41 2b c7 3b c5 7d 2f 8b 4c 24 70 48 63
0x0000000180005b40:   d3 44 8b c7 48 03 54 24 78 e8 a2 31 00 00 85 c0
0x0000000180005b50:   78 33 74 06 03 d8 2b f8 eb 0a b9 e8 03 00 00 e8
0x0000000180005b60:   1c 1c 00 00 41 3b dd 7c b7 8b c3 45 89 74 24 08
0x0000000180005b70:   48 8b 5c 24 60 48 83 c4 20 41 5f 41 5e 41 5d 41
0x0000000180005b80:   5c 5f 5e 5d c3 e8 1e 61 00 00 83 38 04 74 05 e8
0x0000000180005b90:   14 61 00 00 83 c8 ff eb d2 cc cc cc cc cc cc cc
0x0000000180005ba0:   40 53 55 56 57 41 54 41 55 48 81 ec b8 00 00 00
0x0000000180005bb0:   48 8b 05 71 85 01 00 48 33 c4 48 89 84 24 a0 00
0x0000000180005bc0:   00 00 48 8b 01 45 8b e9 41 8b f8 48 8b f2 48 8b
0x0000000180005bd0:   d9 ff 90 f8 00 00 00 4c 8b 13 4c 8d 0d 33 6f 01
0x0000000180005be0:   00 4c 8d 05 7c 6f 01 00 48 8b d0 48 8b cb 4c 8b
0x0000000180005bf0:   e0 41 ff 92 f0 02 00 00 33 ed 48 8b cb 4c 8b c0 


Stack slot to memory mapping:
stack at sp + 0 slots: 0x0 is NULL
stack at sp + 1 slots: 0x0 is NULL
stack at sp + 2 slots: 0x0 is NULL
stack at sp + 3 slots: 0x00007ff89bb68928 jvm.dll
stack at sp + 4 slots: 0x0 is NULL
stack at sp + 5 slots: 0x00000063564ff2e8 is pointing into the stack for thread: 0x0000024af8dddb20
stack at sp + 6 slots: 0x0000024af880b108 is pointing into metadata
stack at sp + 7 slots: 0x0000000000000001 is an unknown value


---------------  P R O C E S S  ---------------

Threads class SMR info:
_java_thread_list=0x0000024af8dbee30, length=15, elements={
0x0000024af7fb3760, 0x0000024af7fb4ff0, 0x0000024af8015560, 0x0000024af8015e20,
0x0000024af8c10090, 0x0000024af8c283b0, 0x0000024af8c29830, 0x0000024af8c2aa70,
0x0000024af8c3e7e0, 0x0000024af8db5cd0, 0x0000024af8dcc620, 0x0000024af8dde9b0,
0x0000024af8dddb20, 0x0000024af8dddff0, 0x0000024addfeb940
}

Java Threads: ( => current thread )
  0x0000024af7fb3760 JavaThread "Reference Handler" daemon [_thread_blocked, id=21304, stack(0x0000006355700000,0x0000006355800000)]
  0x0000024af7fb4ff0 JavaThread "Finalizer" daemon [_thread_blocked, id=18684, stack(0x0000006355800000,0x0000006355900000)]
  0x0000024af8015560 JavaThread "Signal Dispatcher" daemon [_thread_blocked, id=20028, stack(0x0000006355900000,0x0000006355a00000)]
  0x0000024af8015e20 JavaThread "Attach Listener" daemon [_thread_blocked, id=19492, stack(0x0000006355a00000,0x0000006355b00000)]
  0x0000024af8c10090 JavaThread "Service Thread" daemon [_thread_blocked, id=22388, stack(0x0000006355b00000,0x0000006355c00000)]
  0x0000024af8c283b0 JavaThread "Monitor Deflation Thread" daemon [_thread_blocked, id=17612, stack(0x0000006355c00000,0x0000006355d00000)]
  0x0000024af8c29830 JavaThread "C2 CompilerThread0" daemon [_thread_blocked, id=1208, stack(0x0000006355d00000,0x0000006355e00000)]
  0x0000024af8c2aa70 JavaThread "C1 CompilerThread0" daemon [_thread_blocked, id=9716, stack(0x0000006355e00000,0x0000006355f00000)]
  0x0000024af8c3e7e0 JavaThread "Sweeper thread" daemon [_thread_blocked, id=22728, stack(0x0000006355f00000,0x0000006356000000)]
  0x0000024af8db5cd0 JavaThread "Notification Thread" daemon [_thread_blocked, id=26748, stack(0x0000006356000000,0x0000006356100000)]
  0x0000024af8dcc620 JavaThread "Common-Cleaner" daemon [_thread_blocked, id=23236, stack(0x0000006356200000,0x0000006356300000)]
  0x0000024af8dde9b0 JavaThread "Thread-0" [_thread_in_native, id=14484, stack(0x0000006356300000,0x0000006356400000)]
=>0x0000024af8dddb20 JavaThread "Thread-1" [_thread_in_native, id=13928, stack(0x0000006356400000,0x0000006356500000)]
  0x0000024af8dddff0 JavaThread "Thread-2" [_thread_in_native, id=22124, stack(0x0000006356500000,0x0000006356600000)]
  0x0000024addfeb940 JavaThread "DestroyJavaVM" [_thread_blocked, id=27676, stack(0x0000006355000000,0x0000006355100000)]

Other Threads:
  0x0000024af7fadb20 VMThread "VM Thread" [stack: 0x0000006355600000,0x0000006355700000] [id=14640]
  0x0000024ade044440 WatcherThread [stack: 0x0000006356100000,0x0000006356200000] [id=18964]
  0x0000024ade02a1f0 GCTaskThread "GC Thread#0" [stack: 0x0000006355100000,0x0000006355200000] [id=9332]
  0x0000024ade03b7d0 ConcurrentGCThread "G1 Main Marker" [stack: 0x0000006355200000,0x0000006355300000] [id=24104]
  0x0000024ade03d5f0 ConcurrentGCThread "G1 Conc#0" [stack: 0x0000006355300000,0x0000006355400000] [id=4240]
  0x0000024ade0c7c30 ConcurrentGCThread "G1 Refine#0" [stack: 0x0000006355400000,0x0000006355500000] [id=21972]
  0x0000024ade0c8650 ConcurrentGCThread "G1 Service" [stack: 0x0000006355500000,0x0000006355600000] [id=27772]

Threads with active compile tasks:

VM state: not at safepoint (normal execution)

VM Mutex/Monitor currently owned by a thread: None

Heap address: 0x0000000080800000, size: 2040 MB, Compressed Oops mode: 32-bit

CDS archive(s) not mapped
Compressed class space mapped at: 0x0000000100000000-0x0000000140000000, reserved size: 1073741824
Narrow klass base: 0x0000000000000000, Narrow klass shift: 3, Narrow klass range: 0x140000000

GC Precious Log:
 CPUs: 8 total, 8 available
 Memory: 8156M
 Large Page Support: Disabled
 NUMA Support: Disabled
 Compressed Oops: Enabled (32-bit)
 Heap Region Size: 1M
 Heap Min Capacity: 8M
 Heap Initial Capacity: 128M
 Heap Max Capacity: 2040M
 Pre-touch: Disabled
 Parallel Workers: 8
 Concurrent Workers: 2
 Concurrent Refinement Workers: 8
 Periodic GC: Disabled

Heap:
 garbage-first heap   total 131072K, used 3072K [0x0000000080800000, 0x0000000100000000)
  region size 1024K, 4 young (4096K), 0 survivors (0K)
 Metaspace       used 4843K, committed 4992K, reserved 1056768K
  class space    used 411K, committed 512K, reserved 1048576K

Heap Regions: E=young(eden), S=young(survivor), O=old, HS=humongous(starts), HC=humongous(continues), CS=collection set, F=free, OA=open archive, CA=closed archive, TAMS=top-at-mark-start (previous, next)
|   0|0x0000000080800000, 0x0000000080800000, 0x0000000080900000|  0%| F|  |TAMS 0x0000000080800000, 0x0000000080800000| Untracked 
|   1|0x0000000080900000, 0x0000000080900000, 0x0000000080a00000|  0%| F|  |TAMS 0x0000000080900000, 0x0000000080900000| Untracked 
|   2|0x0000000080a00000, 0x0000000080a00000, 0x0000000080b00000|  0%| F|  |TAMS 0x0000000080a00000, 0x0000000080a00000| Untracked 
|   3|0x0000000080b00000, 0x0000000080b00000, 0x0000000080c00000|  0%| F|  |TAMS 0x0000000080b00000, 0x0000000080b00000| Untracked 
|   4|0x0000000080c00000, 0x0000000080c00000, 0x0000000080d00000|  0%| F|  |TAMS 0x0000000080c00000, 0x0000000080c00000| Untracked 
|   5|0x0000000080d00000, 0x0000000080d00000, 0x0000000080e00000|  0%| F|  |TAMS 0x0000000080d00000, 0x0000000080d00000| Untracked 
|   6|0x0000000080e00000, 0x0000000080e00000, 0x0000000080f00000|  0%| F|  |TAMS 0x0000000080e00000, 0x0000000080e00000| Untracked 
|   7|0x0000000080f00000, 0x0000000080f00000, 0x0000000081000000|  0%| F|  |TAMS 0x0000000080f00000, 0x0000000080f00000| Untracked 
|   8|0x0000000081000000, 0x0000000081000000, 0x0000000081100000|  0%| F|  |TAMS 0x0000000081000000, 0x0000000081000000| Untracked 
|   9|0x0000000081100000, 0x0000000081100000, 0x0000000081200000|  0%| F|  |TAMS 0x0000000081100000, 0x0000000081100000| Untracked 
|  10|0x0000000081200000, 0x0000000081200000, 0x0000000081300000|  0%| F|  |TAMS 0x0000000081200000, 0x0000000081200000| Untracked 
|  11|0x0000000081300000, 0x0000000081300000, 0x0000000081400000|  0%| F|  |TAMS 0x0000000081300000, 0x0000000081300000| Untracked 
|  12|0x0000000081400000, 0x0000000081400000, 0x0000000081500000|  0%| F|  |TAMS 0x0000000081400000, 0x0000000081400000| Untracked 
|  13|0x0000000081500000, 0x0000000081500000, 0x0000000081600000|  0%| F|  |TAMS 0x0000000081500000, 0x0000000081500000| Untracked 
|  14|0x0000000081600000, 0x0000000081600000, 0x0000000081700000|  0%| F|  |TAMS 0x0000000081600000, 0x0000000081600000| Untracked 
|  15|0x0000000081700000, 0x0000000081700000, 0x0000000081800000|  0%| F|  |TAMS 0x0000000081700000, 0x0000000081700000| Untracked 
|  16|0x0000000081800000, 0x0000000081800000, 0x0000000081900000|  0%| F|  |TAMS 0x0000000081800000, 0x0000000081800000| Untracked 
|  17|0x0000000081900000, 0x0000000081900000, 0x0000000081a00000|  0%| F|  |TAMS 0x0000000081900000, 0x0000000081900000| Untracked 
|  18|0x0000000081a00000, 0x0000000081a00000, 0x0000000081b00000|  0%| F|  |TAMS 0x0000000081a00000, 0x0000000081a00000| Untracked 
|  19|0x0000000081b00000, 0x0000000081b00000, 0x0000000081c00000|  0%| F|  |TAMS 0x0000000081b00000, 0x0000000081b00000| Untracked 
|  20|0x0000000081c00000, 0x0000000081c00000, 0x0000000081d00000|  0%| F|  |TAMS 0x0000000081c00000, 0x0000000081c00000| Untracked 
|  21|0x0000000081d00000, 0x0000000081d00000, 0x0000000081e00000|  0%| F|  |TAMS 0x0000000081d00000, 0x0000000081d00000| Untracked 
|  22|0x0000000081e00000, 0x0000000081e00000, 0x0000000081f00000|  0%| F|  |TAMS 0x0000000081e00000, 0x0000000081e00000| Untracked 
|  23|0x0000000081f00000, 0x0000000081f00000, 0x0000000082000000|  0%| F|  |TAMS 0x0000000081f00000, 0x0000000081f00000| Untracked 
|  24|0x0000000082000000, 0x0000000082000000, 0x0000000082100000|  0%| F|  |TAMS 0x0000000082000000, 0x0000000082000000| Untracked 
|  25|0x0000000082100000, 0x0000000082100000, 0x0000000082200000|  0%| F|  |TAMS 0x0000000082100000, 0x0000000082100000| Untracked 
|  26|0x0000000082200000, 0x0000000082200000, 0x0000000082300000|  0%| F|  |TAMS 0x0000000082200000, 0x0000000082200000| Untracked 
|  27|0x0000000082300000, 0x0000000082300000, 0x0000000082400000|  0%| F|  |TAMS 0x0000000082300000, 0x0000000082300000| Untracked 
|  28|0x0000000082400000, 0x0000000082400000, 0x0000000082500000|  0%| F|  |TAMS 0x0000000082400000, 0x0000000082400000| Untracked 
|  29|0x0000000082500000, 0x0000000082500000, 0x0000000082600000|  0%| F|  |TAMS 0x0000000082500000, 0x0000000082500000| Untracked 
|  30|0x0000000082600000, 0x0000000082600000, 0x0000000082700000|  0%| F|  |TAMS 0x0000000082600000, 0x0000000082600000| Untracked 
|  31|0x0000000082700000, 0x0000000082700000, 0x0000000082800000|  0%| F|  |TAMS 0x0000000082700000, 0x0000000082700000| Untracked 
|  32|0x0000000082800000, 0x0000000082800000, 0x0000000082900000|  0%| F|  |TAMS 0x0000000082800000, 0x0000000082800000| Untracked 
|  33|0x0000000082900000, 0x0000000082900000, 0x0000000082a00000|  0%| F|  |TAMS 0x0000000082900000, 0x0000000082900000| Untracked 
|  34|0x0000000082a00000, 0x0000000082a00000, 0x0000000082b00000|  0%| F|  |TAMS 0x0000000082a00000, 0x0000000082a00000| Untracked 
|  35|0x0000000082b00000, 0x0000000082b00000, 0x0000000082c00000|  0%| F|  |TAMS 0x0000000082b00000, 0x0000000082b00000| Untracked 
|  36|0x0000000082c00000, 0x0000000082c00000, 0x0000000082d00000|  0%| F|  |TAMS 0x0000000082c00000, 0x0000000082c00000| Untracked 
|  37|0x0000000082d00000, 0x0000000082d00000, 0x0000000082e00000|  0%| F|  |TAMS 0x0000000082d00000, 0x0000000082d00000| Untracked 
|  38|0x0000000082e00000, 0x0000000082e00000, 0x0000000082f00000|  0%| F|  |TAMS 0x0000000082e00000, 0x0000000082e00000| Untracked 
|  39|0x0000000082f00000, 0x0000000082f00000, 0x0000000083000000|  0%| F|  |TAMS 0x0000000082f00000, 0x0000000082f00000| Untracked 
|  40|0x0000000083000000, 0x0000000083000000, 0x0000000083100000|  0%| F|  |TAMS 0x0000000083000000, 0x0000000083000000| Untracked 
|  41|0x0000000083100000, 0x0000000083100000, 0x0000000083200000|  0%| F|  |TAMS 0x0000000083100000, 0x0000000083100000| Untracked 
|  42|0x0000000083200000, 0x0000000083200000, 0x0000000083300000|  0%| F|  |TAMS 0x0000000083200000, 0x0000000083200000| Untracked 
|  43|0x0000000083300000, 0x0000000083300000, 0x0000000083400000|  0%| F|  |TAMS 0x0000000083300000, 0x0000000083300000| Untracked 
|  44|0x0000000083400000, 0x0000000083400000, 0x0000000083500000|  0%| F|  |TAMS 0x0000000083400000, 0x0000000083400000| Untracked 
|  45|0x0000000083500000, 0x0000000083500000, 0x0000000083600000|  0%| F|  |TAMS 0x0000000083500000, 0x0000000083500000| Untracked 
|  46|0x0000000083600000, 0x0000000083600000, 0x0000000083700000|  0%| F|  |TAMS 0x0000000083600000, 0x0000000083600000| Untracked 
|  47|0x0000000083700000, 0x0000000083700000, 0x0000000083800000|  0%| F|  |TAMS 0x0000000083700000, 0x0000000083700000| Untracked 
|  48|0x0000000083800000, 0x0000000083800000, 0x0000000083900000|  0%| F|  |TAMS 0x0000000083800000, 0x0000000083800000| Untracked 
|  49|0x0000000083900000, 0x0000000083900000, 0x0000000083a00000|  0%| F|  |TAMS 0x0000000083900000, 0x0000000083900000| Untracked 
|  50|0x0000000083a00000, 0x0000000083a00000, 0x0000000083b00000|  0%| F|  |TAMS 0x0000000083a00000, 0x0000000083a00000| Untracked 
|  51|0x0000000083b00000, 0x0000000083b00000, 0x0000000083c00000|  0%| F|  |TAMS 0x0000000083b00000, 0x0000000083b00000| Untracked 
|  52|0x0000000083c00000, 0x0000000083c00000, 0x0000000083d00000|  0%| F|  |TAMS 0x0000000083c00000, 0x0000000083c00000| Untracked 
|  53|0x0000000083d00000, 0x0000000083d00000, 0x0000000083e00000|  0%| F|  |TAMS 0x0000000083d00000, 0x0000000083d00000| Untracked 
|  54|0x0000000083e00000, 0x0000000083e00000, 0x0000000083f00000|  0%| F|  |TAMS 0x0000000083e00000, 0x0000000083e00000| Untracked 
|  55|0x0000000083f00000, 0x0000000083f00000, 0x0000000084000000|  0%| F|  |TAMS 0x0000000083f00000, 0x0000000083f00000| Untracked 
|  56|0x0000000084000000, 0x0000000084000000, 0x0000000084100000|  0%| F|  |TAMS 0x0000000084000000, 0x0000000084000000| Untracked 
|  57|0x0000000084100000, 0x0000000084100000, 0x0000000084200000|  0%| F|  |TAMS 0x0000000084100000, 0x0000000084100000| Untracked 
|  58|0x0000000084200000, 0x0000000084200000, 0x0000000084300000|  0%| F|  |TAMS 0x0000000084200000, 0x0000000084200000| Untracked 
|  59|0x0000000084300000, 0x0000000084300000, 0x0000000084400000|  0%| F|  |TAMS 0x0000000084300000, 0x0000000084300000| Untracked 
|  60|0x0000000084400000, 0x0000000084400000, 0x0000000084500000|  0%| F|  |TAMS 0x0000000084400000, 0x0000000084400000| Untracked 
|  61|0x0000000084500000, 0x0000000084500000, 0x0000000084600000|  0%| F|  |TAMS 0x0000000084500000, 0x0000000084500000| Untracked 
|  62|0x0000000084600000, 0x0000000084600000, 0x0000000084700000|  0%| F|  |TAMS 0x0000000084600000, 0x0000000084600000| Untracked 
|  63|0x0000000084700000, 0x0000000084700000, 0x0000000084800000|  0%| F|  |TAMS 0x0000000084700000, 0x0000000084700000| Untracked 
|  64|0x0000000084800000, 0x0000000084800000, 0x0000000084900000|  0%| F|  |TAMS 0x0000000084800000, 0x0000000084800000| Untracked 
|  65|0x0000000084900000, 0x0000000084900000, 0x0000000084a00000|  0%| F|  |TAMS 0x0000000084900000, 0x0000000084900000| Untracked 
|  66|0x0000000084a00000, 0x0000000084a00000, 0x0000000084b00000|  0%| F|  |TAMS 0x0000000084a00000, 0x0000000084a00000| Untracked 
|  67|0x0000000084b00000, 0x0000000084b00000, 0x0000000084c00000|  0%| F|  |TAMS 0x0000000084b00000, 0x0000000084b00000| Untracked 
|  68|0x0000000084c00000, 0x0000000084c00000, 0x0000000084d00000|  0%| F|  |TAMS 0x0000000084c00000, 0x0000000084c00000| Untracked 
|  69|0x0000000084d00000, 0x0000000084d00000, 0x0000000084e00000|  0%| F|  |TAMS 0x0000000084d00000, 0x0000000084d00000| Untracked 
|  70|0x0000000084e00000, 0x0000000084e00000, 0x0000000084f00000|  0%| F|  |TAMS 0x0000000084e00000, 0x0000000084e00000| Untracked 
|  71|0x0000000084f00000, 0x0000000084f00000, 0x0000000085000000|  0%| F|  |TAMS 0x0000000084f00000, 0x0000000084f00000| Untracked 
|  72|0x0000000085000000, 0x0000000085000000, 0x0000000085100000|  0%| F|  |TAMS 0x0000000085000000, 0x0000000085000000| Untracked 
|  73|0x0000000085100000, 0x0000000085100000, 0x0000000085200000|  0%| F|  |TAMS 0x0000000085100000, 0x0000000085100000| Untracked 
|  74|0x0000000085200000, 0x0000000085200000, 0x0000000085300000|  0%| F|  |TAMS 0x0000000085200000, 0x0000000085200000| Untracked 
|  75|0x0000000085300000, 0x0000000085300000, 0x0000000085400000|  0%| F|  |TAMS 0x0000000085300000, 0x0000000085300000| Untracked 
|  76|0x0000000085400000, 0x0000000085400000, 0x0000000085500000|  0%| F|  |TAMS 0x0000000085400000, 0x0000000085400000| Untracked 
|  77|0x0000000085500000, 0x0000000085500000, 0x0000000085600000|  0%| F|  |TAMS 0x0000000085500000, 0x0000000085500000| Untracked 
|  78|0x0000000085600000, 0x0000000085600000, 0x0000000085700000|  0%| F|  |TAMS 0x0000000085600000, 0x0000000085600000| Untracked 
|  79|0x0000000085700000, 0x0000000085700000, 0x0000000085800000|  0%| F|  |TAMS 0x0000000085700000, 0x0000000085700000| Untracked 
|  80|0x0000000085800000, 0x0000000085800000, 0x0000000085900000|  0%| F|  |TAMS 0x0000000085800000, 0x0000000085800000| Untracked 
|  81|0x0000000085900000, 0x0000000085900000, 0x0000000085a00000|  0%| F|  |TAMS 0x0000000085900000, 0x0000000085900000| Untracked 
|  82|0x0000000085a00000, 0x0000000085a00000, 0x0000000085b00000|  0%| F|  |TAMS 0x0000000085a00000, 0x0000000085a00000| Untracked 
|  83|0x0000000085b00000, 0x0000000085b00000, 0x0000000085c00000|  0%| F|  |TAMS 0x0000000085b00000, 0x0000000085b00000| Untracked 
|  84|0x0000000085c00000, 0x0000000085c00000, 0x0000000085d00000|  0%| F|  |TAMS 0x0000000085c00000, 0x0000000085c00000| Untracked 
|  85|0x0000000085d00000, 0x0000000085d00000, 0x0000000085e00000|  0%| F|  |TAMS 0x0000000085d00000, 0x0000000085d00000| Untracked 
|  86|0x0000000085e00000, 0x0000000085e00000, 0x0000000085f00000|  0%| F|  |TAMS 0x0000000085e00000, 0x0000000085e00000| Untracked 
|  87|0x0000000085f00000, 0x0000000085f00000, 0x0000000086000000|  0%| F|  |TAMS 0x0000000085f00000, 0x0000000085f00000| Untracked 
|  88|0x0000000086000000, 0x0000000086000000, 0x0000000086100000|  0%| F|  |TAMS 0x0000000086000000, 0x0000000086000000| Untracked 
|  89|0x0000000086100000, 0x0000000086100000, 0x0000000086200000|  0%| F|  |TAMS 0x0000000086100000, 0x0000000086100000| Untracked 
|  90|0x0000000086200000, 0x0000000086200000, 0x0000000086300000|  0%| F|  |TAMS 0x0000000086200000, 0x0000000086200000| Untracked 
|  91|0x0000000086300000, 0x0000000086300000, 0x0000000086400000|  0%| F|  |TAMS 0x0000000086300000, 0x0000000086300000| Untracked 
|  92|0x0000000086400000, 0x0000000086400000, 0x0000000086500000|  0%| F|  |TAMS 0x0000000086400000, 0x0000000086400000| Untracked 
|  93|0x0000000086500000, 0x0000000086500000, 0x0000000086600000|  0%| F|  |TAMS 0x0000000086500000, 0x0000000086500000| Untracked 
|  94|0x0000000086600000, 0x0000000086600000, 0x0000000086700000|  0%| F|  |TAMS 0x0000000086600000, 0x0000000086600000| Untracked 
|  95|0x0000000086700000, 0x0000000086700000, 0x0000000086800000|  0%| F|  |TAMS 0x0000000086700000, 0x0000000086700000| Untracked 
|  96|0x0000000086800000, 0x0000000086800000, 0x0000000086900000|  0%| F|  |TAMS 0x0000000086800000, 0x0000000086800000| Untracked 
|  97|0x0000000086900000, 0x0000000086900000, 0x0000000086a00000|  0%| F|  |TAMS 0x0000000086900000, 0x0000000086900000| Untracked 
|  98|0x0000000086a00000, 0x0000000086a00000, 0x0000000086b00000|  0%| F|  |TAMS 0x0000000086a00000, 0x0000000086a00000| Untracked 
|  99|0x0000000086b00000, 0x0000000086b00000, 0x0000000086c00000|  0%| F|  |TAMS 0x0000000086b00000, 0x0000000086b00000| Untracked 
| 100|0x0000000086c00000, 0x0000000086c00000, 0x0000000086d00000|  0%| F|  |TAMS 0x0000000086c00000, 0x0000000086c00000| Untracked 
| 101|0x0000000086d00000, 0x0000000086d00000, 0x0000000086e00000|  0%| F|  |TAMS 0x0000000086d00000, 0x0000000086d00000| Untracked 
| 102|0x0000000086e00000, 0x0000000086e00000, 0x0000000086f00000|  0%| F|  |TAMS 0x0000000086e00000, 0x0000000086e00000| Untracked 
| 103|0x0000000086f00000, 0x0000000086f00000, 0x0000000087000000|  0%| F|  |TAMS 0x0000000086f00000, 0x0000000086f00000| Untracked 
| 104|0x0000000087000000, 0x0000000087000000, 0x0000000087100000|  0%| F|  |TAMS 0x0000000087000000, 0x0000000087000000| Untracked 
| 105|0x0000000087100000, 0x0000000087100000, 0x0000000087200000|  0%| F|  |TAMS 0x0000000087100000, 0x0000000087100000| Untracked 
| 106|0x0000000087200000, 0x0000000087200000, 0x0000000087300000|  0%| F|  |TAMS 0x0000000087200000, 0x0000000087200000| Untracked 
| 107|0x0000000087300000, 0x0000000087300000, 0x0000000087400000|  0%| F|  |TAMS 0x0000000087300000, 0x0000000087300000| Untracked 
| 108|0x0000000087400000, 0x0000000087400000, 0x0000000087500000|  0%| F|  |TAMS 0x0000000087400000, 0x0000000087400000| Untracked 
| 109|0x0000000087500000, 0x0000000087500000, 0x0000000087600000|  0%| F|  |TAMS 0x0000000087500000, 0x0000000087500000| Untracked 
| 110|0x0000000087600000, 0x0000000087600000, 0x0000000087700000|  0%| F|  |TAMS 0x0000000087600000, 0x0000000087600000| Untracked 
| 111|0x0000000087700000, 0x0000000087700000, 0x0000000087800000|  0%| F|  |TAMS 0x0000000087700000, 0x0000000087700000| Untracked 
| 112|0x0000000087800000, 0x0000000087800000, 0x0000000087900000|  0%| F|  |TAMS 0x0000000087800000, 0x0000000087800000| Untracked 
| 113|0x0000000087900000, 0x0000000087900000, 0x0000000087a00000|  0%| F|  |TAMS 0x0000000087900000, 0x0000000087900000| Untracked 
| 114|0x0000000087a00000, 0x0000000087a00000, 0x0000000087b00000|  0%| F|  |TAMS 0x0000000087a00000, 0x0000000087a00000| Untracked 
| 115|0x0000000087b00000, 0x0000000087b00000, 0x0000000087c00000|  0%| F|  |TAMS 0x0000000087b00000, 0x0000000087b00000| Untracked 
| 116|0x0000000087c00000, 0x0000000087c00000, 0x0000000087d00000|  0%| F|  |TAMS 0x0000000087c00000, 0x0000000087c00000| Untracked 
| 117|0x0000000087d00000, 0x0000000087d00000, 0x0000000087e00000|  0%| F|  |TAMS 0x0000000087d00000, 0x0000000087d00000| Untracked 
| 118|0x0000000087e00000, 0x0000000087e00000, 0x0000000087f00000|  0%| F|  |TAMS 0x0000000087e00000, 0x0000000087e00000| Untracked 
| 119|0x0000000087f00000, 0x0000000087f00000, 0x0000000088000000|  0%| F|  |TAMS 0x0000000087f00000, 0x0000000087f00000| Untracked 
| 120|0x0000000088000000, 0x0000000088000000, 0x0000000088100000|  0%| F|  |TAMS 0x0000000088000000, 0x0000000088000000| Untracked 
| 121|0x0000000088100000, 0x0000000088100000, 0x0000000088200000|  0%| F|  |TAMS 0x0000000088100000, 0x0000000088100000| Untracked 
| 122|0x0000000088200000, 0x0000000088200000, 0x0000000088300000|  0%| F|  |TAMS 0x0000000088200000, 0x0000000088200000| Untracked 
| 123|0x0000000088300000, 0x0000000088300000, 0x0000000088400000|  0%| F|  |TAMS 0x0000000088300000, 0x0000000088300000| Untracked 
| 124|0x0000000088400000, 0x0000000088400800, 0x0000000088500000|  0%| E|  |TAMS 0x0000000088400000, 0x0000000088400000| Complete 
| 125|0x0000000088500000, 0x0000000088600000, 0x0000000088600000|100%| E|CS|TAMS 0x0000000088500000, 0x0000000088500000| Complete 
| 126|0x0000000088600000, 0x0000000088700000, 0x0000000088700000|100%| E|CS|TAMS 0x0000000088600000, 0x0000000088600000| Complete 
| 127|0x0000000088700000, 0x0000000088800000, 0x0000000088800000|100%| E|CS|TAMS 0x0000000088700000, 0x0000000088700000| Complete 

Card table byte_map: [0x0000024af0dd0000,0x0000024af11d0000] _byte_map_base: 0x0000024af09cc000

Marking Bits (Prev, Next): (CMBitMap*) 0x0000024ade02a800, (CMBitMap*) 0x0000024ade02a840
 Prev Bits: [0x0000024af15d0000, 0x0000024af35b0000)
 Next Bits: [0x0000024af35b0000, 0x0000024af5590000)

Polling page: 0x0000024adbef0000

Metaspace:

Usage:
  Non-class:      4.33 MB used.
      Class:    411.89 KB used.
       Both:      4.73 MB used.

Virtual space:
  Non-class space:        8.00 MB reserved,       4.38 MB ( 55%) committed,  1 nodes.
      Class space:        1.00 GB reserved,     512.00 KB ( <1%) committed,  1 nodes.
             Both:        1.01 GB reserved,       4.88 MB ( <1%) committed. 

Chunk freelists:
   Non-Class:  2.89 MB
       Class:  3.55 MB
        Both:  6.44 MB

MaxMetaspaceSize: unlimited
CompressedClassSpaceSize: 1.00 GB
Initial GC threshold: 21.00 MB
Current GC threshold: 21.00 MB
CDS: off
MetaspaceReclaimPolicy: balanced
 - commit_granule_bytes: 65536.
 - commit_granule_words: 8192.
 - virtual_space_node_default_size: 1048576.
 - enlarge_chunks_in_place: 1.
 - new_chunks_are_fully_committed: 0.
 - uncommit_free_chunks: 1.
 - use_allocation_guard: 0.
 - handle_deallocations: 1.


Internal statistics:

num_allocs_failed_limit: 0.
num_arena_births: 4.
num_arena_deaths: 0.
num_vsnodes_births: 2.
num_vsnodes_deaths: 0.
num_space_committed: 78.
num_space_uncommitted: 0.
num_chunks_returned_to_freelist: 0.
num_chunks_taken_from_freelist: 16.
num_chunk_merges: 0.
num_chunk_splits: 7.
num_chunks_enlarged: 6.
num_purges: 0.
num_inconsistent_stats: 0.

CodeHeap 'non-profiled nmethods': size=120000Kb used=20Kb max_used=20Kb free=119979Kb
 bounds [0x0000024ae9170000, 0x0000024ae93e0000, 0x0000024af06a0000]
CodeHeap 'profiled nmethods': size=120000Kb used=165Kb max_used=165Kb free=119834Kb
 bounds [0x0000024ae1c40000, 0x0000024ae1eb0000, 0x0000024ae9170000]
CodeHeap 'non-nmethods': size=5760Kb used=1060Kb max_used=1073Kb free=4700Kb
 bounds [0x0000024ae16a0000, 0x0000024ae1910000, 0x0000024ae1c40000]
 total_blobs=444 nmethods=122 adapters=235
 compilation: enabled
              stopped_count=0, restarted_count=0
 full_count=0

Compilation events (20 events):
Event: 0.153 Thread 0x0000024af8c2aa70 nmethod 111 0x0000024ae1c65590 code [0x0000024ae1c65720, 0x0000024ae1c65868]
Event: 0.153 Thread 0x0000024af8c2aa70  112  s    3       java.lang.StringBuffer::toString (59 bytes)
Event: 0.154 Thread 0x0000024af8c2aa70 nmethod 112 0x0000024ae1c65910 code [0x0000024ae1c65b00, 0x0000024ae1c66118]
Event: 0.154 Thread 0x0000024af8c2aa70  113       3       java.lang.AbstractStringBuilder::append (55 bytes)
Event: 0.154 Thread 0x0000024af8c2aa70 nmethod 113 0x0000024ae1c66290 code [0x0000024ae1c66460, 0x0000024ae1c66798]
Event: 0.154 Thread 0x0000024af8c2aa70  115       3       java.lang.String::toUpperCase (8 bytes)
Event: 0.154 Thread 0x0000024af8c2aa70 nmethod 115 0x0000024ae1c66910 code [0x0000024ae1c66ae0, 0x0000024ae1c66e78]
Event: 0.154 Thread 0x0000024af8c2aa70  116       3       java.lang.System::getSecurityManager (12 bytes)
Event: 0.154 Thread 0x0000024af8c2aa70 nmethod 116 0x0000024ae1c66f90 code [0x0000024ae1c67120, 0x0000024ae1c67298]
Event: 0.154 Thread 0x0000024af8c2aa70  117       1       java.util.zip.Inflater$InflaterZStreamRef::address (5 bytes)
Event: 0.154 Thread 0x0000024af8c2aa70 nmethod 117 0x0000024ae9174a90 code [0x0000024ae9174c20, 0x0000024ae9174cf8]
Event: 0.155 Thread 0x0000024af8c2aa70  118       3       java.lang.StringLatin1::indexOf (36 bytes)
Event: 0.155 Thread 0x0000024af8c2aa70 nmethod 118 0x0000024ae1c67390 code [0x0000024ae1c67560, 0x0000024ae1c67998]
Event: 0.155 Thread 0x0000024af8c2aa70  119       3       java.lang.String::startsWith (138 bytes)
Event: 0.155 Thread 0x0000024af8c2aa70 nmethod 119 0x0000024ae1c67b10 code [0x0000024ae1c67d20, 0x0000024ae1c685b8]
Event: 0.156 Thread 0x0000024af8c2aa70  120       1       java.net.URL::getProtocol (5 bytes)
Event: 0.157 Thread 0x0000024af8c2aa70 nmethod 120 0x0000024ae9174d90 code [0x0000024ae9174f20, 0x0000024ae9174ff8]
Event: 0.163 Thread 0x0000024af8c2aa70  121       3       java.lang.StringBuilder::append (8 bytes)
Event: 0.163 Thread 0x0000024af8c2aa70 nmethod 121 0x0000024ae1c68890 code [0x0000024ae1c68a20, 0x0000024ae1c68b68]
Event: 0.163 Thread 0x0000024af8c2aa70  122       3       java.lang.AbstractStringBuilder::append (77 bytes)

GC Heap History (0 events):
No events

Deoptimization events (0 events):
No events

Classes unloaded (0 events):
No events

Classes redefined (0 events):
No events

Internal exceptions (2 events):
Event: 0.148 Thread 0x0000024addfeb940 Exception <a 'java/io/FileNotFoundException'{0x00000000886fe178}> (0x00000000886fe178) 
thrown [e:\jenkins\tmp\workspace\build\src\src\hotspot\share\prims\jni.cpp, line 516]
Event: 0.151 Thread 0x0000024addfeb940 Exception <a 'java/io/FileNotFoundException'{0x00000000885107d0}> (0x00000000885107d0) 
thrown [e:\jenkins\tmp\workspace\build\src\src\hotspot\share\prims\jni.cpp, line 516]

VM Operations (4 events):
Event: 0.137 Executing VM operation: HandshakeAllThreads
Event: 0.137 Executing VM operation: HandshakeAllThreads done
Event: 0.144 Executing VM operation: HandshakeAllThreads
Event: 0.144 Executing VM operation: HandshakeAllThreads done

Events (20 events):
Event: 0.139 Loaded shared library C:\Users\oem\.p2\pool\plugins\org.eclipse.justj.openjdk.hotspot.jre.full.win32.x86_64_17.0.1.v20211116-1657\jre\bin\verify.dll
Event: 0.141 loading class java/lang/InterruptedException
Event: 0.141 loading class java/lang/InterruptedException done
Event: 0.141 loading class java/util/concurrent/ConcurrentHashMap$ForwardingNode
Event: 0.141 loading class java/util/concurrent/ConcurrentHashMap$ForwardingNode done
Event: 0.146 loading class sun/nio/cs/StringUTF16
Event: 0.146 loading class sun/nio/cs/StringUTF16 done
Event: 0.146 Loaded shared library C:\DATA\DATA 犁全\mfz-rxtx-2.2-20081207-win-x64\rxtxSerial.dll
Event: 0.148 loading class java/io/FileNotFoundException
Event: 0.148 loading class java/io/IOException
Event: 0.148 loading class java/io/IOException done
Event: 0.148 loading class java/io/FileNotFoundException done
Event: 0.153 loading class java/util/TooManyListenersException
Event: 0.153 loading class java/util/TooManyListenersException done
Event: 0.155 loading class java/lang/NumberFormatException
Event: 0.155 loading class java/lang/NumberFormatException done
Event: 0.156 loading class java/lang/IndexOutOfBoundsException
Event: 0.156 loading class java/lang/IndexOutOfBoundsException done
Event: 0.157 Thread 0x0000024af8dde9b0 Thread added: 0x0000024af8dde9b0
Event: 0.163 Thread 0x0000024af8dddb20 Thread added: 0x0000024af8dddb20


Dynamic libraries:
0x00007ff7e8ae0000 - 0x00007ff7e8aee000 	C:\Users\oem\.p2\pool\plugins\org.eclipse.justj.openjdk.hotspot.jre.full.win32.x86_64_17.0.1.v20211116-1657\jre\bin\javaw.exe
0x00007ff8dc1b0000 - 0x00007ff8dc3a5000 	C:\Windows\SYSTEM32\ntdll.dll
0x00007ff8dbe40000 - 0x00007ff8dbefe000 	C:\Windows\System32\KERNEL32.DLL
0x00007ff8d9f40000 - 0x00007ff8da208000 	C:\Windows\System32\KERNELBASE.dll
0x00007ff8d98d0000 - 0x00007ff8d99d0000 	C:\Windows\System32\ucrtbase.dll
0x00007ff8c1b60000 - 0x00007ff8c1b78000 	C:\Users\oem\.p2\pool\plugins\org.eclipse.justj.openjdk.hotspot.jre.full.win32.x86_64_17.0.1.v20211116-1657\jre\bin\jli.dll
0x00007ff8c6da0000 - 0x00007ff8c6db9000 	C:\Users\oem\.p2\pool\plugins\org.eclipse.justj.openjdk.hotspot.jre.full.win32.x86_64_17.0.1.v20211116-1657\jre\bin\VCRUNTIME140.dll
0x00007ff8dad30000 - 0x00007ff8daed0000 	C:\Windows\System32\USER32.dll
0x00007ff8c88c0000 - 0x00007ff8c8b5a000 	C:\Windows\WinSxS\amd64_microsoft.windows.common-controls_6595b64144ccf1df_6.0.19041.1110_none_60b5254171f9507e\COMCTL32.dll
0x00007ff8dbfd0000 - 0x00007ff8dc06e000 	C:\Windows\System32\msvcrt.dll
0x00007ff8d9ec0000 - 0x00007ff8d9ee2000 	C:\Windows\System32\win32u.dll
0x00007ff8da460000 - 0x00007ff8da48a000 	C:\Windows\System32\GDI32.dll
0x00007ff8d9be0000 - 0x00007ff8d9ceb000 	C:\Windows\System32\gdi32full.dll
0x00007ff8d9cf0000 - 0x00007ff8d9d8d000 	C:\Windows\System32\msvcp_win.dll
0x00007ff8dad00000 - 0x00007ff8dad30000 	C:\Windows\System32\IMM32.DLL
0x00007ff8cd7b0000 - 0x00007ff8cd7bc000 	C:\Users\oem\.p2\pool\plugins\org.eclipse.justj.openjdk.hotspot.jre.full.win32.x86_64_17.0.1.v20211116-1657\jre\bin\vcruntime140_1.dll
0x00007ff8b6e80000 - 0x00007ff8b6f11000 	C:\Users\oem\.p2\pool\plugins\org.eclipse.justj.openjdk.hotspot.jre.full.win32.x86_64_17.0.1.v20211116-1657\jre\bin\msvcp140.dll
0x00007ff89b780000 - 0x00007ff89c3c6000 	C:\Users\oem\.p2\pool\plugins\org.eclipse.justj.openjdk.hotspot.jre.full.win32.x86_64_17.0.1.v20211116-1657\jre\bin\server\jvm.dll
0x00007ff8db9a0000 - 0x00007ff8dba4e000 	C:\Windows\System32\ADVAPI32.dll
0x00007ff8dc0d0000 - 0x00007ff8dc16c000 	C:\Windows\System32\sechost.dll
0x00007ff8db2a0000 - 0x00007ff8db3c5000 	C:\Windows\System32\RPCRT4.dll
0x00007ff8da450000 - 0x00007ff8da458000 	C:\Windows\System32\PSAPI.DLL
0x00007ff8cb900000 - 0x00007ff8cb909000 	C:\Windows\SYSTEM32\WSOCK32.dll
0x00007ff8ce030000 - 0x00007ff8ce057000 	C:\Windows\SYSTEM32\WINMM.dll
0x00007ff8d1ec0000 - 0x00007ff8d1eca000 	C:\Windows\SYSTEM32\VERSION.dll
0x00007ff8db230000 - 0x00007ff8db29b000 	C:\Windows\System32\WS2_32.dll
0x00007ff8d77d0000 - 0x00007ff8d77e2000 	C:\Windows\SYSTEM32\kernel.appcore.dll
0x00007ff8ccfb0000 - 0x00007ff8ccfba000 	C:\Users\oem\.p2\pool\plugins\org.eclipse.justj.openjdk.hotspot.jre.full.win32.x86_64_17.0.1.v20211116-1657\jre\bin\jimage.dll
0x00007ff8c8b60000 - 0x00007ff8c8d44000 	C:\Windows\SYSTEM32\DBGHELP.DLL
0x00007ff8c8890000 - 0x00007ff8c88bc000 	C:\Windows\SYSTEM32\dbgcore.DLL
0x00007ff8d9e30000 - 0x00007ff8d9eb2000 	C:\Windows\System32\bcryptPrimitives.dll
0x00007ff8c0300000 - 0x00007ff8c0325000 	C:\Users\oem\.p2\pool\plugins\org.eclipse.justj.openjdk.hotspot.jre.full.win32.x86_64_17.0.1.v20211116-1657\jre\bin\java.dll
0x00007ff8c0200000 - 0x00007ff8c0218000 	C:\Users\oem\.p2\pool\plugins\org.eclipse.justj.openjdk.hotspot.jre.full.win32.x86_64_17.0.1.v20211116-1657\jre\bin\zip.dll
0x00007ff8da550000 - 0x00007ff8dac94000 	C:\Windows\System32\SHELL32.dll
0x00007ff8d79d0000 - 0x00007ff8d8164000 	C:\Windows\SYSTEM32\windows.storage.dll
0x00007ff8daed0000 - 0x00007ff8db224000 	C:\Windows\System32\combase.dll
0x00007ff8d91f0000 - 0x00007ff8d921c000 	C:\Windows\SYSTEM32\Wldp.dll
0x00007ff8da4a0000 - 0x00007ff8da54d000 	C:\Windows\System32\SHCORE.dll
0x00007ff8dc070000 - 0x00007ff8dc0c5000 	C:\Windows\System32\shlwapi.dll
0x00007ff8d9810000 - 0x00007ff8d982f000 	C:\Windows\SYSTEM32\profapi.dll
0x00007ff8bfde0000 - 0x00007ff8bfdf9000 	C:\Users\oem\.p2\pool\plugins\org.eclipse.justj.openjdk.hotspot.jre.full.win32.x86_64_17.0.1.v20211116-1657\jre\bin\net.dll
0x00007ff8d28e0000 - 0x00007ff8d29ea000 	C:\Windows\SYSTEM32\WINHTTP.dll
0x00007ff8d8f70000 - 0x00007ff8d8fda000 	C:\Windows\system32\mswsock.dll
0x00007ff8bfbe0000 - 0x00007ff8bfbf5000 	C:\Users\oem\.p2\pool\plugins\org.eclipse.justj.openjdk.hotspot.jre.full.win32.x86_64_17.0.1.v20211116-1657\jre\bin\nio.dll
0x00007ff8c9a40000 - 0x00007ff8c9a50000 	C:\Users\oem\.p2\pool\plugins\org.eclipse.justj.openjdk.hotspot.jre.full.win32.x86_64_17.0.1.v20211116-1657\jre\bin\verify.dll
0x0000000180000000 - 0x0000000180025000 	C:\DATA\DATA 犁全\mfz-rxtx-2.2-20081207-win-x64\rxtxSerial.dll

dbghelp: loaded successfully - version: 4.0.5 - missing functions: none
symbol engine: initialized successfully - sym options: 0x614 - pdb path: .;C:\Users\oem\.p2\pool\plugins\org.eclipse.justj.openjdk.hotspot.jre.full.win32.x86_64_17.0.1.v20211116-1657\jre\bin;C:\Windows\SYSTEM32;C:\Windows\WinSxS\amd64_microsoft.windows.common-controls_6595b64144ccf1df_6.0.19041.1110_none_60b5254171f9507e;C:\Users\oem\.p2\pool\plugins\org.eclipse.justj.openjdk.hotspot.jre.full.win32.x86_64_17.0.1.v20211116-1657\jre\bin\server;C:\DATA\DATA 犁全\mfz-rxtx-2.2-20081207-win-x

VM Arguments:
jvm_args: -Djava.library.path=C:\DATA\DATA 犁全\mfz-rxtx-2.2-20081207-win-x64 -Dfile.encoding=MS949 -XX:+ShowCodeDetailsInExceptionMessages 
java_command: Serial
java_class_path (initial): C:\DATA\work\64Serial\bin;C:\DATA\DATA 犁全\rxtx-2.2pre2-bins\RXTXcomm.jar
Launcher Type: SUN_STANDARD

[Global flags]
     intx CICompilerCount                          = 4                                         {product} {ergonomic}
     uint ConcGCThreads                            = 2                                         {product} {ergonomic}
     uint G1ConcRefinementThreads                  = 8                                         {product} {ergonomic}
   size_t G1HeapRegionSize                         = 1048576                                   {product} {ergonomic}
    uintx GCDrainStackTargetSize                   = 64                                        {product} {ergonomic}
   size_t InitialHeapSize                          = 134217728                                 {product} {ergonomic}
   size_t MarkStackSize                            = 4194304                                   {product} {ergonomic}
   size_t MaxHeapSize                              = 2139095040                                {product} {ergonomic}
   size_t MaxNewSize                               = 1283457024                                {product} {ergonomic}
   size_t MinHeapDeltaBytes                        = 1048576                                   {product} {ergonomic}
   size_t MinHeapSize                              = 8388608                                   {product} {ergonomic}
    uintx NonNMethodCodeHeapSize                   = 5839372                                {pd product} {ergonomic}
    uintx NonProfiledCodeHeapSize                  = 122909434                              {pd product} {ergonomic}
    uintx ProfiledCodeHeapSize                     = 122909434                              {pd product} {ergonomic}
    uintx ReservedCodeCacheSize                    = 251658240                              {pd product} {ergonomic}
     bool SegmentedCodeCache                       = true                                      {product} {ergonomic}
     bool ShowCodeDetailsInExceptionMessages       = true                                   {manageable} {command line}
   size_t SoftMaxHeapSize                          = 2139095040                             {manageable} {ergonomic}
     bool UseCompressedClassPointers               = true                           {product lp64_product} {ergonomic}
     bool UseCompressedOops                        = true                           {product lp64_product} {ergonomic}
     bool UseG1GC                                  = true                                      {product} {ergonomic}
     bool UseLargePagesIndividualAllocation        = false                                  {pd product} {ergonomic}

Logging:
Log output configuration:
 #0: stdout all=warning uptime,level,tags
 #1: stderr all=off uptime,level,tags

Environment Variables:
JAVA_HOME=C:\Program Files\Java\jdk-11.0.13
PATH=C:/Program Files/Java/jdk-11.0.13/bin/server;C:/Program Files/Java/jdk-11.0.13/bin;C:\Program Files\Java\jdk-11.0.13\bin;C:\DATA\tomcat9\apache-tomcat-9.0.55\\bin;C:\spring\apache-maven-3.8.5\bin;C:\oraclexe\app\oracle\product\11.2.0\server\bin;C:\oraclexe\app\oracle\product\11.2.0\server\bin;C:\oraclexe\app\oracle\product\11.2.0\server\bin;C:\Program Files\Common Files\Oracle\Java\javapath;C:\Program Files (x86)\Common Files\Oracle\Java\javapath;C:\Windows\system32;C:\Windows;C:\Windows\System32\Wbem;C:\Windows\System32\WindowsPowerShell\v1.0\;C:\Windows\System32\OpenSSH\;C:\Program Files\Microsoft SQL Server\130\Tools\Binn\;C:\Program Files\Java\jdk1.8.0_291\bin;C:\Program Files\PuTTY\;C:\spring\gradle-7.4.2\bin;C:\Program Files\Git\cmd;C:\Users\oem\AppData\Local\Microsoft\WindowsApps, C:\User\oem\AppData\Local\Programs\Microsoft VS Code\bin;C:\Users\oem\AppData\Local\Programs\Microsoft VS Code\bin;C:\Users\oem\eclipse\eclipse;
USERNAME=oem
OS=Windows_NT
PROCESSOR_IDENTIFIER=Intel64 Family 6 Model 58 Stepping 9, GenuineIntel



---------------  S Y S T E M  ---------------

OS:
 Windows 10 , 64 bit Build 19041 (10.0.19041.1645)
OS uptime: 3 days 0:04 hours
Hyper-V role detected

CPU: total 8 (initial active 8) (4 cores per cpu, 2 threads per core) family 6 model 58 stepping 9 microcode 0x21, cx8, cmov, fxsr, ht, mmx, sse, sse2, sse3, ssse3, sse4.1, sse4.2, popcnt, tsc, tscinvbit, avx, aes, erms, clmul, vzeroupper, clflush, hv

Memory: 4k page, system-wide physical 8156M (3214M free)
TotalPageFile size 13153M (AvailPageFile size 5572M)
current process WorkingSet (physical memory assigned to process): 31M, peak: 31M
current process commit charge ("private bytes"): 203M, peak: 203M

vm_info: OpenJDK 64-Bit Server VM (17.0.1+12) for windows-amd64 JRE (17.0.1+12), built on Oct 20 2021 07:42:55 by "" with MS VC++ 16.7 (VS2019)

END.
